{"numFailedTestSuites":0,"numFailedTests":0,"numPassedTestSuites":9,"numPassedTests":29,"numPendingTestSuites":0,"numPendingTests":0,"numRuntimeErrorTestSuites":0,"numTodoTests":0,"numTotalTestSuites":9,"numTotalTests":29,"openHandles":[],"snapshot":{"added":0,"didUpdate":false,"failure":false,"filesAdded":0,"filesRemoved":0,"filesRemovedList":[],"filesUnmatched":0,"filesUpdated":0,"matched":0,"total":0,"unchecked":0,"uncheckedKeysByFile":[],"unmatched":0,"updated":0},"startTime":1568408493645,"success":true,"testResults":[{"assertionResults":[{"ancestorTitles":["Custom hook"],"failureMessages":[],"fullName":"Custom hook should handle onChange","location":null,"status":"passed","title":"should handle onChange"},{"ancestorTitles":["Custom hook"],"failureMessages":[],"fullName":"Custom hook should default to close","location":null,"status":"passed","title":"should default to close"},{"ancestorTitles":["Custom hook"],"failureMessages":[],"fullName":"Custom hook should set target to open state","location":null,"status":"passed","title":"should set target to open state"},{"ancestorTitles":["Custom hook"],"failureMessages":[],"fullName":"Custom hook should set target to null","location":null,"status":"passed","title":"should set target to null"},{"ancestorTitles":["Dialog click handlers"],"failureMessages":[],"fullName":"Dialog click handlers should redirect","location":null,"status":"passed","title":"should redirect"}],"endTime":1568408498177,"message":"","name":"C:\\Users\\ibber\\Documents\\3merge\\md-partials\\src\\components\\dialogs\\dialogs.test.jsx","startTime":1568408494388,"status":"passed","summary":""},{"assertionResults":[{"ancestorTitles":[],"failureMessages":[],"fullName":"findNestedExpressions should separate regex from string","location":null,"status":"passed","title":"findNestedExpressions should separate regex from string"},{"ancestorTitles":[],"failureMessages":[],"fullName":"transformDelineatedString should return array","location":null,"status":"passed","title":"transformDelineatedString should return array"},{"ancestorTitles":[],"failureMessages":[],"fullName":"filterByExpressions should test a string against all expressions","location":null,"status":"passed","title":"filterByExpressions should test a string against all expressions"},{"ancestorTitles":[],"failureMessages":[],"fullName":"intersects should filter and merge two arrays","location":null,"status":"passed","title":"intersects should filter and merge two arrays"}],"endTime":1568408498915,"message":"","name":"C:\\Users\\ibber\\Documents\\3merge\\md-partials\\src\\components\\transfer\\transfer.test.jsx","startTime":1568408498197,"status":"passed","summary":""},{"assertionResults":[{"ancestorTitles":["Autocomplete state integration"],"failureMessages":[],"fullName":"Autocomplete state integration Should render default state","location":null,"status":"passed","title":"Should render default state"},{"ancestorTitles":["Autocomplete state integration"],"failureMessages":[],"fullName":"Autocomplete state integration Should not fetch items without a search term","location":null,"status":"passed","title":"Should not fetch items without a search term"},{"ancestorTitles":["Autocomplete state integration"],"failureMessages":[],"fullName":"Autocomplete state integration Should fetch items on loading","location":null,"status":"passed","title":"Should fetch items on loading"},{"ancestorTitles":["Autocomplete state integration"],"failureMessages":[],"fullName":"Autocomplete state integration Should listen to Downshift change","location":null,"status":"passed","title":"Should listen to Downshift change"},{"ancestorTitles":["Autocomplete state integration"],"failureMessages":[],"fullName":"Autocomplete state integration Should pass change to formik","location":null,"status":"passed","title":"Should pass change to formik"},{"ancestorTitles":["TextField integration"],"failureMessages":[],"fullName":"TextField integration Should render loading and readOnly icons","location":null,"status":"passed","title":"Should render loading and readOnly icons"},{"ancestorTitles":["DropDownMenu"],"failureMessages":[],"fullName":"DropDownMenu Should not render the paper","location":null,"status":"passed","title":"Should not render the paper"},{"ancestorTitles":["DropDownMenu"],"failureMessages":[],"fullName":"DropDownMenu Should render the paper","location":null,"status":"passed","title":"Should render the paper"},{"ancestorTitles":["Dropdown items"],"failureMessages":[],"fullName":"Dropdown items Should iterate and highlight selected","location":null,"status":"passed","title":"Should iterate and highlight selected"}],"endTime":1568408499250,"message":"","name":"C:\\Users\\ibber\\Documents\\3merge\\md-partials\\src\\components\\autocomplete\\autocomplete.test.jsx","startTime":1568408498930,"status":"passed","summary":""},{"assertionResults":[{"ancestorTitles":["Loading state"],"failureMessages":[],"fullName":"Loading state should render spinner","location":null,"status":"passed","title":"should render spinner"},{"ancestorTitles":["Loading state"],"failureMessages":[],"fullName":"Loading state should render empty graphic","location":null,"status":"passed","title":"should render empty graphic"},{"ancestorTitles":["Loading state"],"failureMessages":[],"fullName":"Loading state should render error graphic","location":null,"status":"passed","title":"should render error graphic"},{"ancestorTitles":["Loading state"],"failureMessages":[],"fullName":"Loading state should paginate","location":null,"status":"passed","title":"should paginate"}],"endTime":1568408499590,"message":"","name":"C:\\Users\\ibber\\Documents\\3merge\\md-partials\\src\\components\\table\\table.test.jsx","startTime":1568408499268,"status":"passed","summary":""},{"assertionResults":[{"ancestorTitles":[],"failureMessages":[],"fullName":"Should dismiss the alert","location":null,"status":"passed","title":"Should dismiss the alert"}],"endTime":1568408499863,"message":"","name":"C:\\Users\\ibber\\Documents\\3merge\\md-partials\\src\\components\\alert\\alert.test.jsx","startTime":1568408499605,"status":"passed","summary":""},{"assertionResults":[{"ancestorTitles":["Card"],"failureMessages":[],"fullName":"Card should render all parts","location":null,"status":"passed","title":"should render all parts"}],"endTime":1568408500084,"message":"","name":"C:\\Users\\ibber\\Documents\\3merge\\md-partials\\src\\components\\card\\card.test.jsx","startTime":1568408499876,"status":"passed","summary":""},{"assertionResults":[{"ancestorTitles":["Component"],"failureMessages":[],"fullName":"Component should render text","location":null,"status":"passed","title":"should render text"},{"ancestorTitles":["Component"],"failureMessages":[],"fullName":"Component should render children","location":null,"status":"passed","title":"should render children"}],"endTime":1568408500293,"message":"","name":"C:\\Users\\ibber\\Documents\\3merge\\md-partials\\src\\components\\title\\title.test.jsx","startTime":1568408500097,"status":"passed","summary":""},{"assertionResults":[{"ancestorTitles":["Breadcrumbs"],"failureMessages":[],"fullName":"Breadcrumbs should walk the entries with slashes in between","location":null,"status":"passed","title":"should walk the entries with slashes in between"}],"endTime":1568408500491,"message":"","name":"C:\\Users\\ibber\\Documents\\3merge\\md-partials\\src\\components\\breadcrumbs\\breadcrumbs.test.jsx","startTime":1568408500307,"status":"passed","summary":""},{"assertionResults":[{"ancestorTitles":["Avatar"],"failureMessages":[],"fullName":"Avatar should parse the first letter","location":null,"status":"passed","title":"should parse the first letter"},{"ancestorTitles":["Avatar"],"failureMessages":[],"fullName":"Avatar should respond empty without a word","location":null,"status":"passed","title":"should respond empty without a word"}],"endTime":1568408500656,"message":"","name":"C:\\Users\\ibber\\Documents\\3merge\\md-partials\\src\\components\\avatar\\avatar.test.jsx","startTime":1568408500503,"status":"passed","summary":""}],"wasInterrupted":false}