{"numFailedTestSuites":21,"numFailedTests":31,"numPassedTestSuites":27,"numPassedTests":146,"numPendingTestSuites":0,"numPendingTests":0,"numRuntimeErrorTestSuites":7,"numTodoTests":0,"numTotalTestSuites":48,"numTotalTests":177,"openHandles":[],"snapshot":{"added":0,"didUpdate":false,"failure":false,"filesAdded":0,"filesRemoved":0,"filesRemovedList":[],"filesUnmatched":0,"filesUpdated":0,"matched":0,"total":0,"unchecked":0,"uncheckedKeysByFile":[],"unmatched":0,"updated":0},"startTime":1575924163491,"success":false,"testResults":[{"assertionResults":[{"ancestorTitles":["Validate email"],"failureMessages":["Error: \u001b[2mexpect(\u001b[22m\u001b[31mjest.fn()\u001b[39m\u001b[2m).\u001b[22mtoHaveBeenCalledWith\u001b[2m(\u001b[22m\u001b[32m...expected\u001b[39m\u001b[2m)\u001b[22m\n\nExpected: \u001b[32m\"/authenticate?email=foo@gmail.com\"\u001b[39m\nReceived: \u001b[31m\"/authenticate?email=undefined\"\u001b[39m\n\nNumber of calls: \u001b[31m1\u001b[39m\n    at Object.<anonymous> (C:\\Users\\ibber\\Documents\\Q3-Client\\packages\\q3-ui-permissions\\src\\utils\\__tests__\\reducer.test.js:33:27)\n    at C:\\Users\\ibber\\Documents\\Q3-Client\\node_modules\\jest-jasmine2\\build\\queueRunner.js:43:12\n    at new Promise (<anonymous>)\n    at mapper (C:\\Users\\ibber\\Documents\\Q3-Client\\node_modules\\jest-jasmine2\\build\\queueRunner.js:26:19)\n    at C:\\Users\\ibber\\Documents\\Q3-Client\\node_modules\\jest-jasmine2\\build\\queueRunner.js:73:41"],"fullName":"Validate email should return address","location":null,"status":"failed","title":"should return address"},{"ancestorTitles":["Authenticate"],"failureMessages":[],"fullName":"Authenticate should set cookies on success","location":null,"status":"passed","title":"should set cookies on success"},{"ancestorTitles":["Authenticate"],"failureMessages":[],"fullName":"Authenticate should return the error data","location":null,"status":"passed","title":"should return the error data"},{"ancestorTitles":["Reset password"],"failureMessages":[],"fullName":"Reset password should return message","location":null,"status":"passed","title":"should return message"},{"ancestorTitles":["Reset password"],"failureMessages":[": Timeout - Async callback was not invoked within the 5000ms timeout specified by jest.setTimeout.Timeout - Async callback was not invoked within the 5000ms timeout specified by jest.setTimeout.Error: \n    at new Spec (C:\\Users\\ibber\\Documents\\Q3-Client\\node_modules\\jest-jasmine2\\build\\jasmine\\Spec.js:116:22)\n    at new Spec (C:\\Users\\ibber\\Documents\\Q3-Client\\node_modules\\jest-jasmine2\\build\\setup_jest_globals.js:80:9)\n    at specFactory (C:\\Users\\ibber\\Documents\\Q3-Client\\node_modules\\jest-jasmine2\\build\\jasmine\\Env.js:575:24)\n    at Env.it (C:\\Users\\ibber\\Documents\\Q3-Client\\node_modules\\jest-jasmine2\\build\\jasmine\\Env.js:644:24)\n    at Env.it (C:\\Users\\ibber\\Documents\\Q3-Client\\node_modules\\jest-jasmine2\\build\\jasmineAsyncInstall.js:88:25)\n    at it (C:\\Users\\ibber\\Documents\\Q3-Client\\node_modules\\jest-jasmine2\\build\\jasmine\\jasmineLight.js:93:21)\n    at Suite.<anonymous> (C:\\Users\\ibber\\Documents\\Q3-Client\\packages\\q3-ui-permissions\\src\\utils\\__tests__\\reducer.test.js:97:3)\n    at addSpecsToSuite (C:\\Users\\ibber\\Documents\\Q3-Client\\node_modules\\jest-jasmine2\\build\\jasmine\\Env.js:496:51)\n    at Env.describe (C:\\Users\\ibber\\Documents\\Q3-Client\\node_modules\\jest-jasmine2\\build\\jasmine\\Env.js:466:11)\n    at describe (C:\\Users\\ibber\\Documents\\Q3-Client\\node_modules\\jest-jasmine2\\build\\jasmine\\jasmineLight.js:81:18)\n    at Object.<anonymous> (C:\\Users\\ibber\\Documents\\Q3-Client\\packages\\q3-ui-permissions\\src\\utils\\__tests__\\reducer.test.js:78:1)\n    at Runtime._execModule (C:\\Users\\ibber\\Documents\\Q3-Client\\node_modules\\jest-runtime\\build\\index.js:867:68)\n    at Runtime._loadModule (C:\\Users\\ibber\\Documents\\Q3-Client\\node_modules\\jest-runtime\\build\\index.js:577:12)\n    at Runtime.requireModule (C:\\Users\\ibber\\Documents\\Q3-Client\\node_modules\\jest-runtime\\build\\index.js:433:10)\n    at C:\\Users\\ibber\\Documents\\Q3-Client\\node_modules\\jest-jasmine2\\build\\index.js:202:13\n    at Generator.next (<anonymous>)\n    at asyncGeneratorStep (C:\\Users\\ibber\\Documents\\Q3-Client\\node_modules\\jest-jasmine2\\build\\index.js:27:24)\n    at _next (C:\\Users\\ibber\\Documents\\Q3-Client\\node_modules\\jest-jasmine2\\build\\index.js:47:9)\n    at C:\\Users\\ibber\\Documents\\Q3-Client\\node_modules\\jest-jasmine2\\build\\index.js:52:7\n    at new Promise (<anonymous>)\n    at C:\\Users\\ibber\\Documents\\Q3-Client\\node_modules\\jest-jasmine2\\build\\index.js:44:12\n    at _jasmine (C:\\Users\\ibber\\Documents\\Q3-Client\\node_modules\\jest-jasmine2\\build\\index.js:207:19)\n    at jasmine2 (C:\\Users\\ibber\\Documents\\Q3-Client\\node_modules\\jest-jasmine2\\build\\index.js:60:19)\n    at C:\\Users\\ibber\\Documents\\Q3-Client\\node_modules\\jest-runner\\build\\runTest.js:385:24\n    at Generator.next (<anonymous>)\n    at asyncGeneratorStep (C:\\Users\\ibber\\Documents\\Q3-Client\\node_modules\\jest-runner\\build\\runTest.js:161:24)\n    at _next (C:\\Users\\ibber\\Documents\\Q3-Client\\node_modules\\jest-runner\\build\\runTest.js:181:9)"],"fullName":"Reset password should return error message","location":null,"status":"failed","title":"should return error message"},{"ancestorTitles":["Verify"],"failureMessages":[],"fullName":"Verify should return message","location":null,"status":"passed","title":"should return message"}],"endTime":1575924182742,"message":"\u001b[1m\u001b[31m  \u001b[1m● \u001b[1mValidate email › should return address\u001b[39m\u001b[22m\n\n    \u001b[2mexpect(\u001b[22m\u001b[31mjest.fn()\u001b[39m\u001b[2m).\u001b[22mtoHaveBeenCalledWith\u001b[2m(\u001b[22m\u001b[32m...expected\u001b[39m\u001b[2m)\u001b[22m\n\n    Expected: \u001b[32m\"/authenticate?email=foo@gmail.com\"\u001b[39m\n    Received: \u001b[31m\"/authenticate?email=undefined\"\u001b[39m\n\n    Number of calls: \u001b[31m1\u001b[39m\n\u001b[2m\u001b[22m\n\u001b[2m    \u001b[0m \u001b[90m 31 | \u001b[39m      done()\u001b[33m;\u001b[39m\u001b[0m\u001b[22m\n\u001b[2m    \u001b[0m \u001b[90m 32 | \u001b[39m    })\u001b[33m;\u001b[39m\u001b[0m\u001b[22m\n\u001b[2m    \u001b[0m\u001b[31m\u001b[1m>\u001b[2m\u001b[39m\u001b[90m 33 | \u001b[39m    expect(mockAxios\u001b[33m.\u001b[39mget)\u001b[33m.\u001b[39mtoHaveBeenCalledWith(\u001b[0m\u001b[22m\n\u001b[2m    \u001b[0m \u001b[90m    | \u001b[39m                          \u001b[31m\u001b[1m^\u001b[2m\u001b[39m\u001b[0m\u001b[22m\n\u001b[2m    \u001b[0m \u001b[90m 34 | \u001b[39m      \u001b[32m`/authenticate?email=${email}`\u001b[39m\u001b[33m,\u001b[39m\u001b[0m\u001b[22m\n\u001b[2m    \u001b[0m \u001b[90m 35 | \u001b[39m    )\u001b[33m;\u001b[39m\u001b[0m\u001b[22m\n\u001b[2m    \u001b[0m \u001b[90m 36 | \u001b[39m    mockAxios\u001b[33m.\u001b[39mmockResponse({})\u001b[33m;\u001b[39m\u001b[0m\u001b[22m\n\u001b[2m\u001b[22m\n\u001b[2m      \u001b[2mat Object.<anonymous> (\u001b[2m\u001b[0m\u001b[36mpackages/q3-ui-permissions/src/utils/__tests__/reducer.test.js\u001b[39m\u001b[0m\u001b[2m:33:27)\u001b[2m\u001b[22m\n\n\u001b[1m\u001b[31m  \u001b[1m● \u001b[1mReset password › should return error message\u001b[39m\u001b[22m\n\n    : Timeout - Async callback was not invoked within the 5000ms timeout specified by jest.setTimeout.Timeout - Async callback was not invoked within the 5000ms timeout specified by jest.setTimeout.Error:\n\u001b[2m\u001b[22m\n\u001b[2m    \u001b[0m \u001b[90m  95 | \u001b[39m  })\u001b[33m;\u001b[39m\u001b[0m\u001b[22m\n\u001b[2m    \u001b[0m \u001b[90m  96 | \u001b[39m\u001b[0m\u001b[22m\n\u001b[2m    \u001b[0m\u001b[31m\u001b[1m>\u001b[2m\u001b[39m\u001b[90m  97 | \u001b[39m  it(\u001b[32m'should return error message'\u001b[39m\u001b[33m,\u001b[39m (done) \u001b[33m=>\u001b[39m {\u001b[0m\u001b[22m\n\u001b[2m    \u001b[0m \u001b[90m     | \u001b[39m  \u001b[31m\u001b[1m^\u001b[2m\u001b[39m\u001b[0m\u001b[22m\n\u001b[2m    \u001b[0m \u001b[90m  98 | \u001b[39m    resetPassword({})\u001b[33m.\u001b[39m\u001b[36mcatch\u001b[39m((resp) \u001b[33m=>\u001b[39m {\u001b[0m\u001b[22m\n\u001b[2m    \u001b[0m \u001b[90m  99 | \u001b[39m      expect(resp\u001b[33m.\u001b[39mmessage)\u001b[33m.\u001b[39mtoMatch(\u001b[32m'If'\u001b[39m)\u001b[33m;\u001b[39m\u001b[0m\u001b[22m\n\u001b[2m    \u001b[0m \u001b[90m 100 | \u001b[39m      done()\u001b[33m;\u001b[39m\u001b[0m\u001b[22m\n\u001b[2m\u001b[22m\n\u001b[2m      \u001b[2mat new Spec (\u001b[2mnode_modules/jest-jasmine2/build/jasmine/Spec.js\u001b[2m:116:22)\u001b[2m\u001b[22m\n\u001b[2m      \u001b[2mat Suite.<anonymous> (\u001b[2m\u001b[0m\u001b[36mpackages/q3-ui-permissions/src/utils/__tests__/reducer.test.js\u001b[39m\u001b[0m\u001b[2m:97:3)\u001b[2m\u001b[22m\n\u001b[2m      \u001b[2mat Object.<anonymous> (\u001b[2m\u001b[0m\u001b[36mpackages/q3-ui-permissions/src/utils/__tests__/reducer.test.js\u001b[39m\u001b[0m\u001b[2m:78:1)\u001b[2m\u001b[22m\n","name":"C:\\Users\\ibber\\Documents\\Q3-Client\\packages\\q3-ui-permissions\\src\\utils\\__tests__\\reducer.test.js","startTime":1575924164197,"status":"failed","summary":""},{"assertionResults":[{"ancestorTitles":["Loading state"],"failureMessages":["Error: \u001b[2mexpect(\u001b[22m\u001b[31mreceived\u001b[39m\u001b[2m).\u001b[22mtoHaveLength\u001b[2m(\u001b[22m\u001b[32mexpected\u001b[39m\u001b[2m)\u001b[22m\n\nExpected length: \u001b[32m1\u001b[39m\nReceived length: \u001b[31m0\u001b[39m\nReceived object: \u001b[31m{}\u001b[39m\n    at toHaveLength (C:\\Users\\ibber\\Documents\\Q3-Client\\packages\\q3-ui\\src\\table\\table.test.jsx:10:30)\n    at Object.<anonymous> (C:\\Users\\ibber\\Documents\\Q3-Client\\packages\\q3-ui\\src\\table\\table.test.jsx:35:5)\n    at C:\\Users\\ibber\\Documents\\Q3-Client\\node_modules\\jest-jasmine2\\build\\queueRunner.js:43:12\n    at new Promise (<anonymous>)\n    at mapper (C:\\Users\\ibber\\Documents\\Q3-Client\\node_modules\\jest-jasmine2\\build\\queueRunner.js:26:19)\n    at C:\\Users\\ibber\\Documents\\Q3-Client\\node_modules\\jest-jasmine2\\build\\queueRunner.js:73:41"],"fullName":"Loading state should render spinner","location":null,"status":"failed","title":"should render spinner"},{"ancestorTitles":["Loading state"],"failureMessages":["Error: \u001b[2mexpect(\u001b[22m\u001b[31mreceived\u001b[39m\u001b[2m).\u001b[22mtoHaveLength\u001b[2m(\u001b[22m\u001b[32mexpected\u001b[39m\u001b[2m)\u001b[22m\n\nExpected length: \u001b[32m1\u001b[39m\nReceived length: \u001b[31m0\u001b[39m\nReceived object: \u001b[31m{}\u001b[39m\n    at toHaveLength (C:\\Users\\ibber\\Documents\\Q3-Client\\packages\\q3-ui\\src\\table\\table.test.jsx:10:30)\n    at C:\\Users\\ibber\\Documents\\Q3-Client\\packages\\q3-ui\\src\\table\\table.test.jsx:55:7\n    at Timeout.callback [as _onTimeout] (C:\\Users\\ibber\\Documents\\Q3-Client\\node_modules\\jest-environment-jsdom\\node_modules\\jsdom\\lib\\jsdom\\browser\\Window.js:678:19)\n    at listOnTimeout (internal/timers.js:531:17)\n    at processTimers (internal/timers.js:475:7)"],"fullName":"Loading state should render empty graphic","location":null,"status":"failed","title":"should render empty graphic"},{"ancestorTitles":["Loading state"],"failureMessages":["Error: \u001b[2mexpect(\u001b[22m\u001b[31mreceived\u001b[39m\u001b[2m).\u001b[22mtoHaveLength\u001b[2m(\u001b[22m\u001b[32mexpected\u001b[39m\u001b[2m)\u001b[22m\n\nExpected length: \u001b[32m1\u001b[39m\nReceived length: \u001b[31m0\u001b[39m\nReceived object: \u001b[31m{}\u001b[39m\n    at toHaveLength (C:\\Users\\ibber\\Documents\\Q3-Client\\packages\\q3-ui\\src\\table\\table.test.jsx:10:30)\n    at C:\\Users\\ibber\\Documents\\Q3-Client\\packages\\q3-ui\\src\\table\\table.test.jsx:67:7\n    at Timeout.callback [as _onTimeout] (C:\\Users\\ibber\\Documents\\Q3-Client\\node_modules\\jest-environment-jsdom\\node_modules\\jsdom\\lib\\jsdom\\browser\\Window.js:678:19)\n    at listOnTimeout (internal/timers.js:531:17)\n    at processTimers (internal/timers.js:475:7)"],"fullName":"Loading state should render error graphic","location":null,"status":"failed","title":"should render error graphic"},{"ancestorTitles":["Loading state"],"failureMessages":["Error: Method “props” is meant to be run on 1 node. 0 found instead.\n    at ShallowWrapper.single (C:\\Users\\ibber\\Documents\\Q3-Client\\node_modules\\enzyme\\build\\ShallowWrapper.js:2302:17)\n    at ShallowWrapper.props (C:\\Users\\ibber\\Documents\\Q3-Client\\node_modules\\enzyme\\build\\ShallowWrapper.js:1543:21)\n    at Object.<anonymous> (C:\\Users\\ibber\\Documents\\Q3-Client\\packages\\q3-ui\\src\\table\\table.test.jsx:78:8)\n    at Object.asyncJestTest (C:\\Users\\ibber\\Documents\\Q3-Client\\node_modules\\jest-jasmine2\\build\\jasmineAsyncInstall.js:102:37)\n    at C:\\Users\\ibber\\Documents\\Q3-Client\\node_modules\\jest-jasmine2\\build\\queueRunner.js:43:12\n    at new Promise (<anonymous>)\n    at mapper (C:\\Users\\ibber\\Documents\\Q3-Client\\node_modules\\jest-jasmine2\\build\\queueRunner.js:26:19)\n    at C:\\Users\\ibber\\Documents\\Q3-Client\\node_modules\\jest-jasmine2\\build\\queueRunner.js:73:41\n    at processTicksAndRejections (internal/process/task_queues.js:85:5)"],"fullName":"Loading state should paginate","location":null,"status":"failed","title":"should paginate"}],"endTime":1575924192871,"message":"\u001b[1m\u001b[31m  \u001b[1m● \u001b[1mLoading state › should render spinner\u001b[39m\u001b[22m\n\n    \u001b[2mexpect(\u001b[22m\u001b[31mreceived\u001b[39m\u001b[2m).\u001b[22mtoHaveLength\u001b[2m(\u001b[22m\u001b[32mexpected\u001b[39m\u001b[2m)\u001b[22m\n\n    Expected length: \u001b[32m1\u001b[39m\n    Received length: \u001b[31m0\u001b[39m\n    Received object: \u001b[31m{}\u001b[39m\n\u001b[2m\u001b[22m\n\u001b[2m    \u001b[0m \u001b[90m  8 | \u001b[39m\u001b[0m\u001b[22m\n\u001b[2m    \u001b[0m \u001b[90m  9 | \u001b[39m\u001b[36mconst\u001b[39m toHaveLength \u001b[33m=\u001b[39m (wrapper\u001b[33m,\u001b[39m node\u001b[33m,\u001b[39m length) \u001b[33m=>\u001b[39m\u001b[0m\u001b[22m\n\u001b[2m    \u001b[0m\u001b[31m\u001b[1m>\u001b[2m\u001b[39m\u001b[90m 10 | \u001b[39m  expect(wrapper\u001b[33m.\u001b[39mfind(node))\u001b[33m.\u001b[39mtoHaveLength(length)\u001b[33m;\u001b[39m\u001b[0m\u001b[22m\n\u001b[2m    \u001b[0m \u001b[90m    | \u001b[39m                             \u001b[31m\u001b[1m^\u001b[2m\u001b[39m\u001b[0m\u001b[22m\n\u001b[2m    \u001b[0m \u001b[90m 11 | \u001b[39m\u001b[0m\u001b[22m\n\u001b[2m    \u001b[0m \u001b[90m 12 | \u001b[39m\u001b[36mconst\u001b[39m rows \u001b[33m=\u001b[39m [\u001b[0m\u001b[22m\n\u001b[2m    \u001b[0m \u001b[90m 13 | \u001b[39m  {\u001b[0m\u001b[22m\n\u001b[2m\u001b[22m\n\u001b[2m      \u001b[2mat toHaveLength (\u001b[2m\u001b[0m\u001b[36mpackages/q3-ui/src/table/table.test.jsx\u001b[39m\u001b[0m\u001b[2m:10:30)\u001b[2m\u001b[22m\n\u001b[2m      \u001b[2mat Object.<anonymous> (\u001b[2m\u001b[0m\u001b[36mpackages/q3-ui/src/table/table.test.jsx\u001b[39m\u001b[0m\u001b[2m:35:5)\u001b[2m\u001b[22m\n\n\u001b[1m\u001b[31m  \u001b[1m● \u001b[1mLoading state › should render empty graphic\u001b[39m\u001b[22m\n\n    \u001b[2mexpect(\u001b[22m\u001b[31mreceived\u001b[39m\u001b[2m).\u001b[22mtoHaveLength\u001b[2m(\u001b[22m\u001b[32mexpected\u001b[39m\u001b[2m)\u001b[22m\n\n    Expected length: \u001b[32m1\u001b[39m\n    Received length: \u001b[31m0\u001b[39m\n    Received object: \u001b[31m{}\u001b[39m\n\u001b[2m\u001b[22m\n\u001b[2m    \u001b[0m \u001b[90m  8 | \u001b[39m\u001b[0m\u001b[22m\n\u001b[2m    \u001b[0m \u001b[90m  9 | \u001b[39m\u001b[36mconst\u001b[39m toHaveLength \u001b[33m=\u001b[39m (wrapper\u001b[33m,\u001b[39m node\u001b[33m,\u001b[39m length) \u001b[33m=>\u001b[39m\u001b[0m\u001b[22m\n\u001b[2m    \u001b[0m\u001b[31m\u001b[1m>\u001b[2m\u001b[39m\u001b[90m 10 | \u001b[39m  expect(wrapper\u001b[33m.\u001b[39mfind(node))\u001b[33m.\u001b[39mtoHaveLength(length)\u001b[33m;\u001b[39m\u001b[0m\u001b[22m\n\u001b[2m    \u001b[0m \u001b[90m    | \u001b[39m                             \u001b[31m\u001b[1m^\u001b[2m\u001b[39m\u001b[0m\u001b[22m\n\u001b[2m    \u001b[0m \u001b[90m 11 | \u001b[39m\u001b[0m\u001b[22m\n\u001b[2m    \u001b[0m \u001b[90m 12 | \u001b[39m\u001b[36mconst\u001b[39m rows \u001b[33m=\u001b[39m [\u001b[0m\u001b[22m\n\u001b[2m    \u001b[0m \u001b[90m 13 | \u001b[39m  {\u001b[0m\u001b[22m\n\u001b[2m\u001b[22m\n\u001b[2m      \u001b[2mat toHaveLength (\u001b[2m\u001b[0m\u001b[36mpackages/q3-ui/src/table/table.test.jsx\u001b[39m\u001b[0m\u001b[2m:10:30)\u001b[2m\u001b[22m\n\u001b[2m      \u001b[2mat \u001b[2m\u001b[0m\u001b[36mpackages/q3-ui/src/table/table.test.jsx\u001b[39m\u001b[0m\u001b[2m:55:7\u001b[2m\u001b[22m\n\n\u001b[1m\u001b[31m  \u001b[1m● \u001b[1mLoading state › should render error graphic\u001b[39m\u001b[22m\n\n    \u001b[2mexpect(\u001b[22m\u001b[31mreceived\u001b[39m\u001b[2m).\u001b[22mtoHaveLength\u001b[2m(\u001b[22m\u001b[32mexpected\u001b[39m\u001b[2m)\u001b[22m\n\n    Expected length: \u001b[32m1\u001b[39m\n    Received length: \u001b[31m0\u001b[39m\n    Received object: \u001b[31m{}\u001b[39m\n\u001b[2m\u001b[22m\n\u001b[2m    \u001b[0m \u001b[90m  8 | \u001b[39m\u001b[0m\u001b[22m\n\u001b[2m    \u001b[0m \u001b[90m  9 | \u001b[39m\u001b[36mconst\u001b[39m toHaveLength \u001b[33m=\u001b[39m (wrapper\u001b[33m,\u001b[39m node\u001b[33m,\u001b[39m length) \u001b[33m=>\u001b[39m\u001b[0m\u001b[22m\n\u001b[2m    \u001b[0m\u001b[31m\u001b[1m>\u001b[2m\u001b[39m\u001b[90m 10 | \u001b[39m  expect(wrapper\u001b[33m.\u001b[39mfind(node))\u001b[33m.\u001b[39mtoHaveLength(length)\u001b[33m;\u001b[39m\u001b[0m\u001b[22m\n\u001b[2m    \u001b[0m \u001b[90m    | \u001b[39m                             \u001b[31m\u001b[1m^\u001b[2m\u001b[39m\u001b[0m\u001b[22m\n\u001b[2m    \u001b[0m \u001b[90m 11 | \u001b[39m\u001b[0m\u001b[22m\n\u001b[2m    \u001b[0m \u001b[90m 12 | \u001b[39m\u001b[36mconst\u001b[39m rows \u001b[33m=\u001b[39m [\u001b[0m\u001b[22m\n\u001b[2m    \u001b[0m \u001b[90m 13 | \u001b[39m  {\u001b[0m\u001b[22m\n\u001b[2m\u001b[22m\n\u001b[2m      \u001b[2mat toHaveLength (\u001b[2m\u001b[0m\u001b[36mpackages/q3-ui/src/table/table.test.jsx\u001b[39m\u001b[0m\u001b[2m:10:30)\u001b[2m\u001b[22m\n\u001b[2m      \u001b[2mat \u001b[2m\u001b[0m\u001b[36mpackages/q3-ui/src/table/table.test.jsx\u001b[39m\u001b[0m\u001b[2m:67:7\u001b[2m\u001b[22m\n\n\u001b[1m\u001b[31m  \u001b[1m● \u001b[1mLoading state › should paginate\u001b[39m\u001b[22m\n\n    Method “props” is meant to be run on 1 node. 0 found instead.\n\u001b[2m\u001b[22m\n\u001b[2m    \u001b[0m \u001b[90m 76 | \u001b[39m    wrapper\u001b[0m\u001b[22m\n\u001b[2m    \u001b[0m \u001b[90m 77 | \u001b[39m      \u001b[33m.\u001b[39mfind(\u001b[33mTablePagination\u001b[39m)\u001b[0m\u001b[22m\n\u001b[2m    \u001b[0m\u001b[31m\u001b[1m>\u001b[2m\u001b[39m\u001b[90m 78 | \u001b[39m      \u001b[33m.\u001b[39mprops()\u001b[0m\u001b[22m\n\u001b[2m    \u001b[0m \u001b[90m    | \u001b[39m       \u001b[31m\u001b[1m^\u001b[2m\u001b[39m\u001b[0m\u001b[22m\n\u001b[2m    \u001b[0m \u001b[90m 79 | \u001b[39m      \u001b[33m.\u001b[39monChangePage({}\u001b[33m,\u001b[39m \u001b[35m1\u001b[39m)\u001b[33m;\u001b[39m\u001b[0m\u001b[22m\n\u001b[2m    \u001b[0m \u001b[90m 80 | \u001b[39m    expect(scrollToSpy)\u001b[33m.\u001b[39mtoHaveBeenCalledWith(\u001b[35m0\u001b[39m\u001b[33m,\u001b[39m \u001b[35m0\u001b[39m)\u001b[33m;\u001b[39m\u001b[0m\u001b[22m\n\u001b[2m    \u001b[0m \u001b[90m 81 | \u001b[39m    expect(initProps\u001b[33m.\u001b[39mhistory\u001b[33m.\u001b[39mpush)\u001b[33m.\u001b[39mtoHaveBeenCalledWith(\u001b[0m\u001b[22m\n\u001b[2m\u001b[22m\n\u001b[2m      \u001b[2mat ShallowWrapper.single (\u001b[2mnode_modules/enzyme/build/ShallowWrapper.js\u001b[2m:2302:17)\u001b[2m\u001b[22m\n\u001b[2m      \u001b[2mat ShallowWrapper.props (\u001b[2mnode_modules/enzyme/build/ShallowWrapper.js\u001b[2m:1543:21)\u001b[2m\u001b[22m\n\u001b[2m      \u001b[2mat Object.<anonymous> (\u001b[2m\u001b[0m\u001b[36mpackages/q3-ui/src/table/table.test.jsx\u001b[39m\u001b[0m\u001b[2m:78:8)\u001b[2m\u001b[22m\n","name":"C:\\Users\\ibber\\Documents\\Q3-Client\\packages\\q3-ui\\src\\table\\table.test.jsx","startTime":1575924182974,"status":"failed","summary":""},{"assertionResults":[{"ancestorTitles":["Custom hook"],"failureMessages":[],"fullName":"Custom hook should handle onChange","location":null,"status":"passed","title":"should handle onChange"},{"ancestorTitles":["Custom hook"],"failureMessages":[],"fullName":"Custom hook should default to close","location":null,"status":"passed","title":"should default to close"},{"ancestorTitles":["Custom hook"],"failureMessages":[],"fullName":"Custom hook should set target to open state","location":null,"status":"passed","title":"should set target to open state"},{"ancestorTitles":["Custom hook"],"failureMessages":[],"fullName":"Custom hook should set target to null","location":null,"status":"passed","title":"should set target to null"},{"ancestorTitles":["Dialog click handlers"],"failureMessages":["Error: Method “simulate” is meant to be run on 1 node. 0 found instead.\n    at ReactWrapper.single (C:\\Users\\ibber\\Documents\\Q3-Client\\node_modules\\enzyme\\src\\ReactWrapper.js:1194:12)\n    at ReactWrapper.simulate (C:\\Users\\ibber\\Documents\\Q3-Client\\node_modules\\enzyme\\build\\ReactWrapper.js:1043:21)\n    at Object.<anonymous> (C:\\Users\\ibber\\Documents\\Q3-Client\\packages\\q3-ui\\src\\dialogs\\dialogs.test.jsx:75:8)\n    at C:\\Users\\ibber\\Documents\\Q3-Client\\node_modules\\jest-jasmine2\\build\\queueRunner.js:43:12\n    at new Promise (<anonymous>)\n    at mapper (C:\\Users\\ibber\\Documents\\Q3-Client\\node_modules\\jest-jasmine2\\build\\queueRunner.js:26:19)\n    at C:\\Users\\ibber\\Documents\\Q3-Client\\node_modules\\jest-jasmine2\\build\\queueRunner.js:73:41"],"fullName":"Dialog click handlers should redirect","location":null,"status":"failed","title":"should redirect"}],"endTime":1575924199048,"message":"\u001b[1m\u001b[31m  \u001b[1m● \u001b[1mDialog click handlers › should redirect\u001b[39m\u001b[22m\n\n    Method “simulate” is meant to be run on 1 node. 0 found instead.\n\u001b[2m\u001b[22m\n\u001b[2m    \u001b[0m \u001b[90m 73 | \u001b[39m      \u001b[33m.\u001b[39mfind(\u001b[33mTooltip\u001b[39m)\u001b[0m\u001b[22m\n\u001b[2m    \u001b[0m \u001b[90m 74 | \u001b[39m      \u001b[33m.\u001b[39mfind(\u001b[33mIconButton\u001b[39m)\u001b[0m\u001b[22m\n\u001b[2m    \u001b[0m\u001b[31m\u001b[1m>\u001b[2m\u001b[39m\u001b[90m 75 | \u001b[39m      \u001b[33m.\u001b[39msimulate(\u001b[32m'click'\u001b[39m)\u001b[33m;\u001b[39m\u001b[0m\u001b[22m\n\u001b[2m    \u001b[0m \u001b[90m    | \u001b[39m       \u001b[31m\u001b[1m^\u001b[2m\u001b[39m\u001b[0m\u001b[22m\n\u001b[2m    \u001b[0m \u001b[90m 76 | \u001b[39m    mount\u001b[0m\u001b[22m\n\u001b[2m    \u001b[0m \u001b[90m 77 | \u001b[39m      \u001b[33m.\u001b[39mfind(\u001b[33mButton\u001b[39m)\u001b[0m\u001b[22m\n\u001b[2m    \u001b[0m \u001b[90m 78 | \u001b[39m      \u001b[33m.\u001b[39mlast()\u001b[0m\u001b[22m\n\u001b[2m\u001b[22m\n\u001b[2m      \u001b[2mat ReactWrapper.single (\u001b[2mnode_modules/enzyme/src/ReactWrapper.js\u001b[2m:1194:12)\u001b[2m\u001b[22m\n\u001b[2m      \u001b[2mat ReactWrapper.simulate (\u001b[2mnode_modules/enzyme/build/ReactWrapper.js\u001b[2m:1043:21)\u001b[2m\u001b[22m\n\u001b[2m      \u001b[2mat Object.<anonymous> (\u001b[2m\u001b[0m\u001b[36mpackages/q3-ui/src/dialogs/dialogs.test.jsx\u001b[39m\u001b[0m\u001b[2m:75:8)\u001b[2m\u001b[22m\n","name":"C:\\Users\\ibber\\Documents\\Q3-Client\\packages\\q3-ui\\src\\dialogs\\dialogs.test.jsx","startTime":1575924194770,"status":"failed","summary":""},{"assertionResults":[{"ancestorTitles":[],"failureMessages":["Error: \u001b[2mexpect(\u001b[22m\u001b[31mreceived\u001b[39m\u001b[2m).\u001b[22mtoBe\u001b[2m(\u001b[22m\u001b[32mexpected\u001b[39m\u001b[2m) // Object.is equality\u001b[22m\n\nExpected: \u001b[32m\"notifications:womp\"\u001b[39m\nReceived: \u001b[31m\"wompOK, thanks\"\u001b[39m\n    at Object.<anonymous> (C:\\Users\\ibber\\Documents\\Q3-Client\\packages\\q3-ui\\src\\alert\\alert.test.jsx:10:26)\n    at Object.asyncJestTest (C:\\Users\\ibber\\Documents\\Q3-Client\\node_modules\\jest-jasmine2\\build\\jasmineAsyncInstall.js:102:37)\n    at C:\\Users\\ibber\\Documents\\Q3-Client\\node_modules\\jest-jasmine2\\build\\queueRunner.js:43:12\n    at new Promise (<anonymous>)\n    at mapper (C:\\Users\\ibber\\Documents\\Q3-Client\\node_modules\\jest-jasmine2\\build\\queueRunner.js:26:19)\n    at C:\\Users\\ibber\\Documents\\Q3-Client\\node_modules\\jest-jasmine2\\build\\queueRunner.js:73:41"],"fullName":"Should dismiss the alert","location":null,"status":"failed","title":"Should dismiss the alert"}],"endTime":1575924200092,"message":"\u001b[1m\u001b[31m  \u001b[1m● \u001b[1mShould dismiss the alert\u001b[39m\u001b[22m\n\n    \u001b[2mexpect(\u001b[22m\u001b[31mreceived\u001b[39m\u001b[2m).\u001b[22mtoBe\u001b[2m(\u001b[22m\u001b[32mexpected\u001b[39m\u001b[2m) // Object.is equality\u001b[22m\n\n    Expected: \u001b[32m\"notifications:womp\"\u001b[39m\n    Received: \u001b[31m\"wompOK, thanks\"\u001b[39m\n\u001b[2m\u001b[22m\n\u001b[2m    \u001b[0m \u001b[90m  8 | \u001b[39m  })\u001b[33m;\u001b[39m\u001b[0m\u001b[22m\n\u001b[2m    \u001b[0m \u001b[90m  9 | \u001b[39m\u001b[0m\u001b[22m\n\u001b[2m    \u001b[0m\u001b[31m\u001b[1m>\u001b[2m\u001b[39m\u001b[90m 10 | \u001b[39m  expect(mounted\u001b[33m.\u001b[39mtext())\u001b[33m.\u001b[39mtoBe(\u001b[32m'notifications:womp'\u001b[39m)\u001b[33m;\u001b[39m\u001b[0m\u001b[22m\n\u001b[2m    \u001b[0m \u001b[90m    | \u001b[39m                         \u001b[31m\u001b[1m^\u001b[2m\u001b[39m\u001b[0m\u001b[22m\n\u001b[2m    \u001b[0m \u001b[90m 11 | \u001b[39m  mounted\u001b[33m.\u001b[39mfind(\u001b[32m'button'\u001b[39m)\u001b[33m.\u001b[39msimulate(\u001b[32m'click'\u001b[39m)\u001b[33m;\u001b[39m\u001b[0m\u001b[22m\n\u001b[2m    \u001b[0m \u001b[90m 12 | \u001b[39m  \u001b[36mconst\u001b[39m el \u001b[33m=\u001b[39m mounted\u001b[33m.\u001b[39mfind(\u001b[32m'[role=\"alert\"]'\u001b[39m)\u001b[33m;\u001b[39m\u001b[0m\u001b[22m\n\u001b[2m    \u001b[0m \u001b[90m 13 | \u001b[39m  expect(el)\u001b[33m.\u001b[39mtoHaveLength(\u001b[35m0\u001b[39m)\u001b[33m;\u001b[39m\u001b[0m\u001b[22m\n\u001b[2m\u001b[22m\n\u001b[2m      \u001b[2mat Object.<anonymous> (\u001b[2m\u001b[0m\u001b[36mpackages/q3-ui/src/alert/alert.test.jsx\u001b[39m\u001b[0m\u001b[2m:10:26)\u001b[2m\u001b[22m\n","name":"C:\\Users\\ibber\\Documents\\Q3-Client\\packages\\q3-ui\\src\\alert\\alert.test.jsx","startTime":1575924199627,"status":"failed","summary":""},{"assertionResults":[{"ancestorTitles":["Entry iteration"],"failureMessages":["Error: \u001b[2mexpect(\u001b[22m\u001b[31mreceived\u001b[39m\u001b[2m).\u001b[22mtoHaveLength\u001b[2m(\u001b[22m\u001b[32mexpected\u001b[39m\u001b[2m)\u001b[22m\n\nExpected length: \u001b[32m5\u001b[39m\nReceived length: \u001b[31m0\u001b[39m\nReceived object: \u001b[31m{}\u001b[39m\n    at Object.<anonymous> (C:\\Users\\ibber\\Documents\\Q3-Client\\packages\\q3-ui\\src\\timeline\\timeline.test.jsx:12:7)\n    at Object.asyncJestTest (C:\\Users\\ibber\\Documents\\Q3-Client\\node_modules\\jest-jasmine2\\build\\jasmineAsyncInstall.js:102:37)\n    at C:\\Users\\ibber\\Documents\\Q3-Client\\node_modules\\jest-jasmine2\\build\\queueRunner.js:43:12\n    at new Promise (<anonymous>)\n    at mapper (C:\\Users\\ibber\\Documents\\Q3-Client\\node_modules\\jest-jasmine2\\build\\queueRunner.js:26:19)\n    at C:\\Users\\ibber\\Documents\\Q3-Client\\node_modules\\jest-jasmine2\\build\\queueRunner.js:73:41"],"fullName":"Entry iteration should return nth Papers","location":null,"status":"failed","title":"should return nth Papers"},{"ancestorTitles":["TimelineMeta"],"failureMessages":[],"fullName":"TimelineMeta should default to SYS","location":null,"status":"passed","title":"should default to SYS"}],"endTime":1575924201433,"message":"\u001b[1m\u001b[31m  \u001b[1m● \u001b[1mEntry iteration › should return nth Papers\u001b[39m\u001b[22m\n\n    \u001b[2mexpect(\u001b[22m\u001b[31mreceived\u001b[39m\u001b[2m).\u001b[22mtoHaveLength\u001b[2m(\u001b[22m\u001b[32mexpected\u001b[39m\u001b[2m)\u001b[22m\n\n    Expected length: \u001b[32m5\u001b[39m\n    Received length: \u001b[31m0\u001b[39m\n    Received object: \u001b[31m{}\u001b[39m\n\u001b[2m\u001b[22m\n\u001b[2m    \u001b[0m \u001b[90m 10 | \u001b[39m        \u001b[33m.\u001b[39mshallow(\u001b[33m<\u001b[39m\u001b[33mTimeline\u001b[39m entries\u001b[33m=\u001b[39m{data} \u001b[33m/\u001b[39m\u001b[33m>\u001b[39m)\u001b[0m\u001b[22m\n\u001b[2m    \u001b[0m \u001b[90m 11 | \u001b[39m        \u001b[33m.\u001b[39mfind(\u001b[33mPaper\u001b[39m)\u001b[33m,\u001b[39m\u001b[0m\u001b[22m\n\u001b[2m    \u001b[0m\u001b[31m\u001b[1m>\u001b[2m\u001b[39m\u001b[90m 12 | \u001b[39m    )\u001b[33m.\u001b[39mtoHaveLength(data\u001b[33m.\u001b[39mlength)\u001b[33m;\u001b[39m\u001b[0m\u001b[22m\n\u001b[2m    \u001b[0m \u001b[90m    | \u001b[39m      \u001b[31m\u001b[1m^\u001b[2m\u001b[39m\u001b[0m\u001b[22m\n\u001b[2m    \u001b[0m \u001b[90m 13 | \u001b[39m  })\u001b[33m;\u001b[39m\u001b[0m\u001b[22m\n\u001b[2m    \u001b[0m \u001b[90m 14 | \u001b[39m})\u001b[33m;\u001b[39m\u001b[0m\u001b[22m\n\u001b[2m    \u001b[0m \u001b[90m 15 | \u001b[39m\u001b[0m\u001b[22m\n\u001b[2m\u001b[22m\n\u001b[2m      \u001b[2mat Object.<anonymous> (\u001b[2m\u001b[0m\u001b[36mpackages/q3-ui/src/timeline/timeline.test.jsx\u001b[39m\u001b[0m\u001b[2m:12:7)\u001b[2m\u001b[22m\n","name":"C:\\Users\\ibber\\Documents\\Q3-Client\\packages\\q3-ui\\src\\timeline\\timeline.test.jsx","startTime":1575924200175,"status":"failed","summary":""},{"assertionResults":[{"ancestorTitles":["Avatar"],"failureMessages":["Error: \u001b[2mexpect(\u001b[22m\u001b[31mreceived\u001b[39m\u001b[2m).\u001b[22mtoBe\u001b[2m(\u001b[22m\u001b[32mexpected\u001b[39m\u001b[2m) // Object.is equality\u001b[22m\n\nExpected: \u001b[32m\"M\"\u001b[39m\nReceived: \u001b[31m\"\"\u001b[39m\n    at Object.<anonymous> (C:\\Users\\ibber\\Documents\\Q3-Client\\packages\\q3-ui\\src\\avatar\\avatar.test.jsx:10:7)\n    at Object.asyncJestTest (C:\\Users\\ibber\\Documents\\Q3-Client\\node_modules\\jest-jasmine2\\build\\jasmineAsyncInstall.js:102:37)\n    at C:\\Users\\ibber\\Documents\\Q3-Client\\node_modules\\jest-jasmine2\\build\\queueRunner.js:43:12\n    at new Promise (<anonymous>)\n    at mapper (C:\\Users\\ibber\\Documents\\Q3-Client\\node_modules\\jest-jasmine2\\build\\queueRunner.js:26:19)\n    at C:\\Users\\ibber\\Documents\\Q3-Client\\node_modules\\jest-jasmine2\\build\\queueRunner.js:73:41"],"fullName":"Avatar should parse the first letter","location":null,"status":"failed","title":"should parse the first letter"},{"ancestorTitles":["Avatar"],"failureMessages":[],"fullName":"Avatar should respond empty without a word","location":null,"status":"passed","title":"should respond empty without a word"}],"endTime":1575924201930,"message":"\u001b[1m\u001b[31m  \u001b[1m● \u001b[1mAvatar › should parse the first letter\u001b[39m\u001b[22m\n\n    \u001b[2mexpect(\u001b[22m\u001b[31mreceived\u001b[39m\u001b[2m).\u001b[22mtoBe\u001b[2m(\u001b[22m\u001b[32mexpected\u001b[39m\u001b[2m) // Object.is equality\u001b[22m\n\n    Expected: \u001b[32m\"M\"\u001b[39m\n    Received: \u001b[31m\"\"\u001b[39m\n\u001b[2m\u001b[22m\n\u001b[2m    \u001b[0m \u001b[90m  8 | \u001b[39m        word\u001b[33m:\u001b[39m \u001b[32m'Mike'\u001b[39m\u001b[33m,\u001b[39m\u001b[0m\u001b[22m\n\u001b[2m    \u001b[0m \u001b[90m  9 | \u001b[39m      })\u001b[33m.\u001b[39mtext()\u001b[33m,\u001b[39m\u001b[0m\u001b[22m\n\u001b[2m    \u001b[0m\u001b[31m\u001b[1m>\u001b[2m\u001b[39m\u001b[90m 10 | \u001b[39m    )\u001b[33m.\u001b[39mtoBe(\u001b[32m'M'\u001b[39m)\u001b[33m;\u001b[39m\u001b[0m\u001b[22m\n\u001b[2m    \u001b[0m \u001b[90m    | \u001b[39m      \u001b[31m\u001b[1m^\u001b[2m\u001b[39m\u001b[0m\u001b[22m\n\u001b[2m    \u001b[0m \u001b[90m 11 | \u001b[39m  })\u001b[33m;\u001b[39m\u001b[0m\u001b[22m\n\u001b[2m    \u001b[0m \u001b[90m 12 | \u001b[39m\u001b[0m\u001b[22m\n\u001b[2m    \u001b[0m \u001b[90m 13 | \u001b[39m  it(\u001b[32m'should respond empty without a word'\u001b[39m\u001b[33m,\u001b[39m () \u001b[33m=>\u001b[39m {\u001b[0m\u001b[22m\n\u001b[2m\u001b[22m\n\u001b[2m      \u001b[2mat Object.<anonymous> (\u001b[2m\u001b[0m\u001b[36mpackages/q3-ui/src/avatar/avatar.test.jsx\u001b[39m\u001b[0m\u001b[2m:10:7)\u001b[2m\u001b[22m\n","name":"C:\\Users\\ibber\\Documents\\Q3-Client\\packages\\q3-ui\\src\\avatar\\avatar.test.jsx","startTime":1575924201646,"status":"failed","summary":""},{"assertionResults":[{"ancestorTitles":["Boolean permission properties"],"failureMessages":[],"fullName":"Boolean permission properties should be truthy","location":null,"status":"passed","title":"should be truthy"},{"ancestorTitles":["Boolean permission properties"],"failureMessages":[],"fullName":"Boolean permission properties should be falsy","location":null,"status":"passed","title":"should be falsy"},{"ancestorTitles":["Component properties"],"failureMessages":[],"fullName":"Component properties should return null","location":null,"status":"passed","title":"should return null"},{"ancestorTitles":["Component properties"],"failureMessages":["TypeError: Cannot read property 'contextTypes' of undefined\n    at Object.render (C:\\Users\\ibber\\Documents\\Q3-Client\\node_modules\\enzyme-adapter-react-16\\src\\ReactSixteenAdapter.js:742:54)\n    at new ShallowWrapper (C:\\Users\\ibber\\Documents\\Q3-Client\\node_modules\\enzyme\\src\\ShallowWrapper.js:475:4)\n    at shallow (C:\\Users\\ibber\\Documents\\Q3-Client\\node_modules\\enzyme\\build\\shallow.js:26:10)\n    at shallow (C:\\Users\\ibber\\Documents\\Q3-Client\\node_modules\\@material-ui\\core\\test-utils\\createShallow.js:34:19)\n    at Object.<anonymous> (C:\\Users\\ibber\\Documents\\Q3-Client\\packages\\q3-ui-permissions\\src\\utils\\__tests__\\permissions.test.js:52:28)\n    at Object.asyncJestTest (C:\\Users\\ibber\\Documents\\Q3-Client\\node_modules\\jest-jasmine2\\build\\jasmineAsyncInstall.js:102:37)\n    at C:\\Users\\ibber\\Documents\\Q3-Client\\node_modules\\jest-jasmine2\\build\\queueRunner.js:43:12\n    at new Promise (<anonymous>)\n    at mapper (C:\\Users\\ibber\\Documents\\Q3-Client\\node_modules\\jest-jasmine2\\build\\queueRunner.js:26:19)\n    at C:\\Users\\ibber\\Documents\\Q3-Client\\node_modules\\jest-jasmine2\\build\\queueRunner.js:73:41"],"fullName":"Component properties should add readOnly and disabled props","location":null,"status":"failed","title":"should add readOnly and disabled props"},{"ancestorTitles":["Component properties"],"failureMessages":["TypeError: Cannot read property 'contextTypes' of undefined\n    at Object.render (C:\\Users\\ibber\\Documents\\Q3-Client\\node_modules\\enzyme-adapter-react-16\\src\\ReactSixteenAdapter.js:742:54)\n    at new ShallowWrapper (C:\\Users\\ibber\\Documents\\Q3-Client\\node_modules\\enzyme\\src\\ShallowWrapper.js:475:4)\n    at shallow (C:\\Users\\ibber\\Documents\\Q3-Client\\node_modules\\enzyme\\build\\shallow.js:26:10)\n    at shallow (C:\\Users\\ibber\\Documents\\Q3-Client\\node_modules\\@material-ui\\core\\test-utils\\createShallow.js:34:19)\n    at Object.<anonymous> (C:\\Users\\ibber\\Documents\\Q3-Client\\packages\\q3-ui-permissions\\src\\utils\\__tests__\\permissions.test.js:63:28)\n    at Object.asyncJestTest (C:\\Users\\ibber\\Documents\\Q3-Client\\node_modules\\jest-jasmine2\\build\\jasmineAsyncInstall.js:102:37)\n    at C:\\Users\\ibber\\Documents\\Q3-Client\\node_modules\\jest-jasmine2\\build\\queueRunner.js:43:12\n    at new Promise (<anonymous>)\n    at mapper (C:\\Users\\ibber\\Documents\\Q3-Client\\node_modules\\jest-jasmine2\\build\\queueRunner.js:26:19)\n    at C:\\Users\\ibber\\Documents\\Q3-Client\\node_modules\\jest-jasmine2\\build\\queueRunner.js:73:41"],"fullName":"Component properties should add readOnly on field unmatch","location":null,"status":"failed","title":"should add readOnly on field unmatch"},{"ancestorTitles":["Component properties"],"failureMessages":["TypeError: Cannot read property 'contextTypes' of undefined\n    at Object.render (C:\\Users\\ibber\\Documents\\Q3-Client\\node_modules\\enzyme-adapter-react-16\\src\\ReactSixteenAdapter.js:742:54)\n    at new ShallowWrapper (C:\\Users\\ibber\\Documents\\Q3-Client\\node_modules\\enzyme\\src\\ShallowWrapper.js:475:4)\n    at shallow (C:\\Users\\ibber\\Documents\\Q3-Client\\node_modules\\enzyme\\build\\shallow.js:26:10)\n    at shallow (C:\\Users\\ibber\\Documents\\Q3-Client\\node_modules\\@material-ui\\core\\test-utils\\createShallow.js:34:19)\n    at Object.<anonymous> (C:\\Users\\ibber\\Documents\\Q3-Client\\packages\\q3-ui-permissions\\src\\utils\\__tests__\\permissions.test.js:73:28)\n    at Object.asyncJestTest (C:\\Users\\ibber\\Documents\\Q3-Client\\node_modules\\jest-jasmine2\\build\\jasmineAsyncInstall.js:102:37)\n    at C:\\Users\\ibber\\Documents\\Q3-Client\\node_modules\\jest-jasmine2\\build\\queueRunner.js:43:12\n    at new Promise (<anonymous>)\n    at mapper (C:\\Users\\ibber\\Documents\\Q3-Client\\node_modules\\jest-jasmine2\\build\\queueRunner.js:26:19)\n    at C:\\Users\\ibber\\Documents\\Q3-Client\\node_modules\\jest-jasmine2\\build\\queueRunner.js:73:41"],"fullName":"Component properties should remove readOnly and disabled props","location":null,"status":"failed","title":"should remove readOnly and disabled props"}],"endTime":1575924202863,"message":"\u001b[1m\u001b[31m  \u001b[1m● \u001b[1mComponent properties › should add readOnly and disabled props\u001b[39m\u001b[22m\n\n    TypeError: Cannot read property 'contextTypes' of undefined\n\u001b[2m\u001b[22m\n\u001b[2m    \u001b[0m \u001b[90m 50 | \u001b[39m    \u001b[36mconst\u001b[39m { \u001b[33mDisable\u001b[39m } \u001b[33m=\u001b[39m hook(\u001b[32m'foo'\u001b[39m)\u001b[33m;\u001b[39m\u001b[0m\u001b[22m\n\u001b[2m    \u001b[0m \u001b[90m 51 | \u001b[39m    \u001b[36mconst\u001b[39m \u001b[33mFoo\u001b[39m \u001b[33m=\u001b[39m () \u001b[33m=>\u001b[39m \u001b[36mnull\u001b[39m\u001b[33m;\u001b[39m\u001b[0m\u001b[22m\n\u001b[2m    \u001b[0m\u001b[31m\u001b[1m>\u001b[2m\u001b[39m\u001b[90m 52 | \u001b[39m    \u001b[36mconst\u001b[39m wrapper \u001b[33m=\u001b[39m global\u001b[33m.\u001b[39mshallow(\u001b[0m\u001b[22m\n\u001b[2m    \u001b[0m \u001b[90m    | \u001b[39m                           \u001b[31m\u001b[1m^\u001b[2m\u001b[39m\u001b[0m\u001b[22m\n\u001b[2m    \u001b[0m \u001b[90m 53 | \u001b[39m      \u001b[33m<\u001b[39m\u001b[33mDisable\u001b[39m component\u001b[33m=\u001b[39m{\u001b[33mFoo\u001b[39m} op\u001b[33m=\u001b[39m\u001b[32m\"Update\"\u001b[39m name\u001b[33m=\u001b[39m\u001b[32m\"hola\"\u001b[39m \u001b[33m/\u001b[39m\u001b[33m>\u001b[39m\u001b[33m,\u001b[39m\u001b[0m\u001b[22m\n\u001b[2m    \u001b[0m \u001b[90m 54 | \u001b[39m    )\u001b[33m;\u001b[39m\u001b[0m\u001b[22m\n\u001b[2m    \u001b[0m \u001b[90m 55 | \u001b[39m    \u001b[36mconst\u001b[39m props \u001b[33m=\u001b[39m wrapper\u001b[33m.\u001b[39mfind(\u001b[33mFoo\u001b[39m)\u001b[33m.\u001b[39mprops()\u001b[33m;\u001b[39m\u001b[0m\u001b[22m\n\u001b[2m\u001b[22m\n\u001b[2m      \u001b[2mat Object.render (\u001b[2mnode_modules/enzyme-adapter-react-16/src/ReactSixteenAdapter.js\u001b[2m:742:54)\u001b[2m\u001b[22m\n\u001b[2m      \u001b[2mat new ShallowWrapper (\u001b[2mnode_modules/enzyme/src/ShallowWrapper.js\u001b[2m:475:4)\u001b[2m\u001b[22m\n\u001b[2m      \u001b[2mat shallow (\u001b[2mnode_modules/enzyme/build/shallow.js\u001b[2m:26:10)\u001b[2m\u001b[22m\n\u001b[2m      \u001b[2mat shallow (\u001b[2mnode_modules/@material-ui/core/test-utils/createShallow.js\u001b[2m:34:19)\u001b[2m\u001b[22m\n\u001b[2m      \u001b[2mat Object.<anonymous> (\u001b[2m\u001b[0m\u001b[36mpackages/q3-ui-permissions/src/utils/__tests__/permissions.test.js\u001b[39m\u001b[0m\u001b[2m:52:28)\u001b[2m\u001b[22m\n\n\u001b[1m\u001b[31m  \u001b[1m● \u001b[1mComponent properties › should add readOnly on field unmatch\u001b[39m\u001b[22m\n\n    TypeError: Cannot read property 'contextTypes' of undefined\n\u001b[2m\u001b[22m\n\u001b[2m    \u001b[0m \u001b[90m 61 | \u001b[39m    \u001b[36mconst\u001b[39m { \u001b[33mDisable\u001b[39m } \u001b[33m=\u001b[39m hook(\u001b[32m'foo'\u001b[39m)\u001b[33m;\u001b[39m\u001b[0m\u001b[22m\n\u001b[2m    \u001b[0m \u001b[90m 62 | \u001b[39m    \u001b[36mconst\u001b[39m \u001b[33mFoo\u001b[39m \u001b[33m=\u001b[39m () \u001b[33m=>\u001b[39m \u001b[36mnull\u001b[39m\u001b[33m;\u001b[39m\u001b[0m\u001b[22m\n\u001b[2m    \u001b[0m\u001b[31m\u001b[1m>\u001b[2m\u001b[39m\u001b[90m 63 | \u001b[39m    \u001b[36mconst\u001b[39m wrapper \u001b[33m=\u001b[39m global\u001b[33m.\u001b[39mshallow(\u001b[0m\u001b[22m\n\u001b[2m    \u001b[0m \u001b[90m    | \u001b[39m                           \u001b[31m\u001b[1m^\u001b[2m\u001b[39m\u001b[0m\u001b[22m\n\u001b[2m    \u001b[0m \u001b[90m 64 | \u001b[39m      \u001b[33m<\u001b[39m\u001b[33mDisable\u001b[39m component\u001b[33m=\u001b[39m{\u001b[33mFoo\u001b[39m} op\u001b[33m=\u001b[39m\u001b[32m\"Create\"\u001b[39m name\u001b[33m=\u001b[39m\u001b[32m\"bar\"\u001b[39m \u001b[33m/\u001b[39m\u001b[33m>\u001b[39m\u001b[33m,\u001b[39m\u001b[0m\u001b[22m\n\u001b[2m    \u001b[0m \u001b[90m 65 | \u001b[39m    )\u001b[33m;\u001b[39m\u001b[0m\u001b[22m\n\u001b[2m    \u001b[0m \u001b[90m 66 | \u001b[39m    \u001b[36mconst\u001b[39m props \u001b[33m=\u001b[39m wrapper\u001b[33m.\u001b[39mfind(\u001b[33mFoo\u001b[39m)\u001b[33m.\u001b[39mprops()\u001b[33m;\u001b[39m\u001b[0m\u001b[22m\n\u001b[2m\u001b[22m\n\u001b[2m      \u001b[2mat Object.render (\u001b[2mnode_modules/enzyme-adapter-react-16/src/ReactSixteenAdapter.js\u001b[2m:742:54)\u001b[2m\u001b[22m\n\u001b[2m      \u001b[2mat new ShallowWrapper (\u001b[2mnode_modules/enzyme/src/ShallowWrapper.js\u001b[2m:475:4)\u001b[2m\u001b[22m\n\u001b[2m      \u001b[2mat shallow (\u001b[2mnode_modules/enzyme/build/shallow.js\u001b[2m:26:10)\u001b[2m\u001b[22m\n\u001b[2m      \u001b[2mat shallow (\u001b[2mnode_modules/@material-ui/core/test-utils/createShallow.js\u001b[2m:34:19)\u001b[2m\u001b[22m\n\u001b[2m      \u001b[2mat Object.<anonymous> (\u001b[2m\u001b[0m\u001b[36mpackages/q3-ui-permissions/src/utils/__tests__/permissions.test.js\u001b[39m\u001b[0m\u001b[2m:63:28)\u001b[2m\u001b[22m\n\n\u001b[1m\u001b[31m  \u001b[1m● \u001b[1mComponent properties › should remove readOnly and disabled props\u001b[39m\u001b[22m\n\n    TypeError: Cannot read property 'contextTypes' of undefined\n\u001b[2m\u001b[22m\n\u001b[2m    \u001b[0m \u001b[90m 71 | \u001b[39m    \u001b[36mconst\u001b[39m { \u001b[33mDisable\u001b[39m } \u001b[33m=\u001b[39m hook(\u001b[32m'foo'\u001b[39m)\u001b[33m;\u001b[39m\u001b[0m\u001b[22m\n\u001b[2m    \u001b[0m \u001b[90m 72 | \u001b[39m    \u001b[36mconst\u001b[39m \u001b[33mFoo\u001b[39m \u001b[33m=\u001b[39m () \u001b[33m=>\u001b[39m \u001b[36mnull\u001b[39m\u001b[33m;\u001b[39m\u001b[0m\u001b[22m\n\u001b[2m    \u001b[0m\u001b[31m\u001b[1m>\u001b[2m\u001b[39m\u001b[90m 73 | \u001b[39m    \u001b[36mconst\u001b[39m wrapper \u001b[33m=\u001b[39m global\u001b[33m.\u001b[39mshallow(\u001b[0m\u001b[22m\n\u001b[2m    \u001b[0m \u001b[90m    | \u001b[39m                           \u001b[31m\u001b[1m^\u001b[2m\u001b[39m\u001b[0m\u001b[22m\n\u001b[2m    \u001b[0m \u001b[90m 74 | \u001b[39m      \u001b[33m<\u001b[39m\u001b[33mDisable\u001b[39m component\u001b[33m=\u001b[39m{\u001b[33mFoo\u001b[39m} op\u001b[33m=\u001b[39m\u001b[32m\"Create\"\u001b[39m name\u001b[33m=\u001b[39m\u001b[32m\"foo\"\u001b[39m \u001b[33m/\u001b[39m\u001b[33m>\u001b[39m\u001b[33m,\u001b[39m\u001b[0m\u001b[22m\n\u001b[2m    \u001b[0m \u001b[90m 75 | \u001b[39m    )\u001b[33m;\u001b[39m\u001b[0m\u001b[22m\n\u001b[2m    \u001b[0m \u001b[90m 76 | \u001b[39m    expect(wrapper\u001b[33m.\u001b[39mfind(\u001b[33mFoo\u001b[39m)\u001b[33m.\u001b[39mprops())\u001b[33m.\u001b[39mnot\u001b[33m.\u001b[39mtoHaveProperty(\u001b[0m\u001b[22m\n\u001b[2m\u001b[22m\n\u001b[2m      \u001b[2mat Object.render (\u001b[2mnode_modules/enzyme-adapter-react-16/src/ReactSixteenAdapter.js\u001b[2m:742:54)\u001b[2m\u001b[22m\n\u001b[2m      \u001b[2mat new ShallowWrapper (\u001b[2mnode_modules/enzyme/src/ShallowWrapper.js\u001b[2m:475:4)\u001b[2m\u001b[22m\n\u001b[2m      \u001b[2mat shallow (\u001b[2mnode_modules/enzyme/build/shallow.js\u001b[2m:26:10)\u001b[2m\u001b[22m\n\u001b[2m      \u001b[2mat shallow (\u001b[2mnode_modules/@material-ui/core/test-utils/createShallow.js\u001b[2m:34:19)\u001b[2m\u001b[22m\n\u001b[2m      \u001b[2mat Object.<anonymous> (\u001b[2m\u001b[0m\u001b[36mpackages/q3-ui-permissions/src/utils/__tests__/permissions.test.js\u001b[39m\u001b[0m\u001b[2m:73:28)\u001b[2m\u001b[22m\n","name":"C:\\Users\\ibber\\Documents\\Q3-Client\\packages\\q3-ui-permissions\\src\\utils\\__tests__\\permissions.test.js","startTime":1575924202226,"status":"failed","summary":""},{"assertionResults":[{"ancestorTitles":["AuthenticationDependencyInjection"],"failureMessages":[],"fullName":"AuthenticationDependencyInjection should fetch from cookies","location":null,"status":"passed","title":"should fetch from cookies"},{"ancestorTitles":["AuthenticationDependencyInjection"],"failureMessages":["TypeError: Cannot read property 'common' of undefined\n    at AuthenticationDependencyInjection.set headers [as headers] (C:\\Users\\ibber\\Documents\\Q3-Client\\packages\\q3-ui-permissions\\src\\utils\\header.js:17:25)\n    at Object.<anonymous> (C:\\Users\\ibber\\Documents\\Q3-Client\\packages\\q3-ui-permissions\\src\\utils\\__tests__\\header.test.js:19:5)\n    at Object.asyncJestTest (C:\\Users\\ibber\\Documents\\Q3-Client\\node_modules\\jest-jasmine2\\build\\jasmineAsyncInstall.js:102:37)\n    at C:\\Users\\ibber\\Documents\\Q3-Client\\node_modules\\jest-jasmine2\\build\\queueRunner.js:43:12\n    at new Promise (<anonymous>)\n    at mapper (C:\\Users\\ibber\\Documents\\Q3-Client\\node_modules\\jest-jasmine2\\build\\queueRunner.js:26:19)\n    at C:\\Users\\ibber\\Documents\\Q3-Client\\node_modules\\jest-jasmine2\\build\\queueRunner.js:73:41"],"fullName":"AuthenticationDependencyInjection should set headers","location":null,"status":"failed","title":"should set headers"}],"endTime":1575924204083,"message":"\u001b[1m\u001b[31m  \u001b[1m● \u001b[1mAuthenticationDependencyInjection › should set headers\u001b[39m\u001b[22m\n\n    TypeError: Cannot read property 'common' of undefined\n\u001b[2m\u001b[22m\n\u001b[2m    \u001b[0m \u001b[90m 15 | \u001b[39m\u001b[0m\u001b[22m\n\u001b[2m    \u001b[0m \u001b[90m 16 | \u001b[39m  set headers({ token\u001b[33m,\u001b[39m nonce }) {\u001b[0m\u001b[22m\n\u001b[2m    \u001b[0m\u001b[31m\u001b[1m>\u001b[2m\u001b[39m\u001b[90m 17 | \u001b[39m    \u001b[36mthis\u001b[39m\u001b[33m.\u001b[39mconfig\u001b[33m.\u001b[39mheaders\u001b[33m.\u001b[39mcommon\u001b[33m.\u001b[39m\u001b[33mAuthorization\u001b[39m \u001b[33m=\u001b[39m \u001b[32m`Bearer ${token}`\u001b[39m\u001b[33m;\u001b[39m\u001b[0m\u001b[22m\n\u001b[2m    \u001b[0m \u001b[90m    | \u001b[39m                        \u001b[31m\u001b[1m^\u001b[2m\u001b[39m\u001b[0m\u001b[22m\n\u001b[2m    \u001b[0m \u001b[90m 18 | \u001b[39m    \u001b[36mthis\u001b[39m\u001b[33m.\u001b[39mconfig\u001b[33m.\u001b[39mheaders\u001b[33m.\u001b[39mcommon[\u001b[33mNONCE\u001b[39m] \u001b[33m=\u001b[39m nonce\u001b[33m;\u001b[39m\u001b[0m\u001b[22m\n\u001b[2m    \u001b[0m \u001b[90m 19 | \u001b[39m  }\u001b[0m\u001b[22m\n\u001b[2m    \u001b[0m \u001b[90m 20 | \u001b[39m}\u001b[0m\u001b[22m\n\u001b[2m\u001b[22m\n\u001b[2m      \u001b[2mat AuthenticationDependencyInjection.set headers [as headers] (\u001b[2mpackages/q3-ui-permissions/src/utils/header.js\u001b[2m:17:25)\u001b[2m\u001b[22m\n\u001b[2m      \u001b[2mat Object.<anonymous> (\u001b[2m\u001b[0m\u001b[36mpackages/q3-ui-permissions/src/utils/__tests__/header.test.js\u001b[39m\u001b[0m\u001b[2m:19:5)\u001b[2m\u001b[22m\n","name":"C:\\Users\\ibber\\Documents\\Q3-Client\\packages\\q3-ui-permissions\\src\\utils\\__tests__\\header.test.js","startTime":1575924203717,"status":"failed","summary":""},{"assertionResults":[{"ancestorTitles":["useRest"],"failureMessages":[],"fullName":"useRest should fetch into state","location":null,"status":"passed","title":"should fetch into state"},{"ancestorTitles":["useRest"],"failureMessages":[],"fullName":"useRest should fail to fetch","location":null,"status":"passed","title":"should fail to fetch"},{"ancestorTitles":["useRest"],"failureMessages":[],"fullName":"useRest should fail to fetch","location":null,"status":"passed","title":"should fail to fetch"},{"ancestorTitles":["useRest"],"failureMessages":[],"fullName":"useRest should delete by ID","location":null,"status":"passed","title":"should delete by ID"},{"ancestorTitles":["useRest"],"failureMessages":[],"fullName":"useRest should put by ID","location":null,"status":"passed","title":"should put by ID"},{"ancestorTitles":["useRest"],"failureMessages":[],"fullName":"useRest should fail to patch","location":null,"status":"passed","title":"should fail to patch"},{"ancestorTitles":["useRest"],"failureMessages":[],"fullName":"useRest should patch by ID","location":null,"status":"passed","title":"should patch by ID"},{"ancestorTitles":["useRest"],"failureMessages":["Error: \u001b[2mexpect(\u001b[22m\u001b[31mjest.fn()\u001b[39m\u001b[2m).\u001b[22mtoHaveBeenCalledWith\u001b[2m(\u001b[22m\u001b[32m...expected\u001b[39m\u001b[2m)\u001b[22m\n\nExpected: \u001b[32m\"/foo\"\u001b[39m, \u001b[32m{\"modified\": true}\u001b[39m\nReceived: \u001b[2m\"/foo\"\u001b[22m, \u001b[31mundefined\u001b[39m, \u001b[31m{\"headers\": {}}\u001b[39m\n\nNumber of calls: \u001b[31m1\u001b[39m\n    at Object.<anonymous> (C:\\Users\\ibber\\Documents\\Q3-Client\\packages\\q3-ui-rest\\src\\hooks\\__tests__\\actions.test.js:156:28)\n    at Object.asyncJestTest (C:\\Users\\ibber\\Documents\\Q3-Client\\node_modules\\jest-jasmine2\\build\\jasmineAsyncInstall.js:102:37)\n    at C:\\Users\\ibber\\Documents\\Q3-Client\\node_modules\\jest-jasmine2\\build\\queueRunner.js:43:12\n    at new Promise (<anonymous>)\n    at mapper (C:\\Users\\ibber\\Documents\\Q3-Client\\node_modules\\jest-jasmine2\\build\\queueRunner.js:26:19)\n    at C:\\Users\\ibber\\Documents\\Q3-Client\\node_modules\\jest-jasmine2\\build\\queueRunner.js:73:41"],"fullName":"useRest should post with decorator","location":null,"status":"failed","title":"should post with decorator"},{"ancestorTitles":["useRest"],"failureMessages":["Error: \u001b[2mexpect(\u001b[22m\u001b[31mjest.fn()\u001b[39m\u001b[2m).\u001b[22mtoHaveBeenCalledWith\u001b[2m(\u001b[22m\u001b[32m...expected\u001b[39m\u001b[2m)\u001b[22m\n\nExpected: \u001b[32m\"/foo\"\u001b[39m, \u001b[32m{\"modified\": true}\u001b[39m\nReceived\n       1: \u001b[2m\"/foo\"\u001b[22m, \u001b[31mundefined\u001b[39m, \u001b[31m{\"headers\": {}}\u001b[39m\n       2: \u001b[2m\"/foo\"\u001b[22m, \u001b[31mundefined\u001b[39m, \u001b[31m{\"headers\": {}}\u001b[39m\n\nNumber of calls: \u001b[31m2\u001b[39m\n    at Object.<anonymous> (C:\\Users\\ibber\\Documents\\Q3-Client\\packages\\q3-ui-rest\\src\\hooks\\__tests__\\actions.test.js:169:28)\n    at Object.asyncJestTest (C:\\Users\\ibber\\Documents\\Q3-Client\\node_modules\\jest-jasmine2\\build\\jasmineAsyncInstall.js:102:37)\n    at C:\\Users\\ibber\\Documents\\Q3-Client\\node_modules\\jest-jasmine2\\build\\queueRunner.js:43:12\n    at new Promise (<anonymous>)\n    at mapper (C:\\Users\\ibber\\Documents\\Q3-Client\\node_modules\\jest-jasmine2\\build\\queueRunner.js:26:19)\n    at C:\\Users\\ibber\\Documents\\Q3-Client\\node_modules\\jest-jasmine2\\build\\queueRunner.js:73:41"],"fullName":"useRest should fail to post","location":null,"status":"failed","title":"should fail to post"},{"ancestorTitles":["useRest configurations"],"failureMessages":[],"fullName":"useRest configurations should throw an error without arguments","location":null,"status":"passed","title":"should throw an error without arguments"},{"ancestorTitles":["useRest configurations"],"failureMessages":["Error: \u001b[2mexpect(\u001b[22m\u001b[31mjest.fn()\u001b[39m\u001b[2m).\u001b[22mtoHaveBeenCalledWith\u001b[2m(\u001b[22m\u001b[32m...expected\u001b[39m\u001b[2m)\u001b[22m\n\nExpected: \u001b[32mObjectContaining {\"data\": {\"resources\": []}, \"type\": \"FETCHED\"}\u001b[39m\nReceived\n       1: \u001b[31m{\"data\": {}, \"err\": {}, \"key\": undefined, \"pluralized\": undefined, \"type\": \"FETCHING\"}\u001b[39m\n       2: \u001b[31m{\"data\": {\"resources\": []}, \"err\": {}, \"key\": undefined, \"pluralized\": undefined, \"type\": \"CREATED\"}\u001b[39m\n\nNumber of calls: \u001b[31m2\u001b[39m\n    at Object.<anonymous> (C:\\Users\\ibber\\Documents\\Q3-Client\\packages\\q3-ui-rest\\src\\hooks\\__tests__\\actions.test.js:193:22)\n    at Object.asyncJestTest (C:\\Users\\ibber\\Documents\\Q3-Client\\node_modules\\jest-jasmine2\\build\\jasmineAsyncInstall.js:102:37)\n    at C:\\Users\\ibber\\Documents\\Q3-Client\\node_modules\\jest-jasmine2\\build\\queueRunner.js:43:12\n    at new Promise (<anonymous>)\n    at mapper (C:\\Users\\ibber\\Documents\\Q3-Client\\node_modules\\jest-jasmine2\\build\\queueRunner.js:26:19)\n    at C:\\Users\\ibber\\Documents\\Q3-Client\\node_modules\\jest-jasmine2\\build\\queueRunner.js:73:41"],"fullName":"useRest configurations should call get automatically","location":null,"status":"failed","title":"should call get automatically"},{"ancestorTitles":["useRest configurations"],"failureMessages":[],"fullName":"useRest configurations should push into the history state","location":null,"status":"passed","title":"should push into the history state"}],"endTime":1575924204964,"message":"\u001b[1m\u001b[31m  \u001b[1m● \u001b[1museRest › should post with decorator\u001b[39m\u001b[22m\n\n    \u001b[2mexpect(\u001b[22m\u001b[31mjest.fn()\u001b[39m\u001b[2m).\u001b[22mtoHaveBeenCalledWith\u001b[2m(\u001b[22m\u001b[32m...expected\u001b[39m\u001b[2m)\u001b[22m\n\n    Expected: \u001b[32m\"/foo\"\u001b[39m, \u001b[32m{\"modified\": true}\u001b[39m\n    Received: \u001b[2m\"/foo\"\u001b[22m, \u001b[31mundefined\u001b[39m, \u001b[31m{\"headers\": {}}\u001b[39m\n\n    Number of calls: \u001b[31m1\u001b[39m\n\u001b[2m\u001b[22m\n\u001b[2m    \u001b[0m \u001b[90m 154 | \u001b[39m  it(\u001b[32m'should post with decorator'\u001b[39m\u001b[33m,\u001b[39m () \u001b[33m=>\u001b[39m {\u001b[0m\u001b[22m\n\u001b[2m    \u001b[0m \u001b[90m 155 | \u001b[39m    post()\u001b[33m;\u001b[39m\u001b[0m\u001b[22m\n\u001b[2m    \u001b[0m\u001b[31m\u001b[1m>\u001b[2m\u001b[39m\u001b[90m 156 | \u001b[39m    expect(mockAxios\u001b[33m.\u001b[39mpost)\u001b[33m.\u001b[39mtoHaveBeenCalledWith(\u001b[32m'/foo'\u001b[39m\u001b[33m,\u001b[39m {\u001b[0m\u001b[22m\n\u001b[2m    \u001b[0m \u001b[90m     | \u001b[39m                           \u001b[31m\u001b[1m^\u001b[2m\u001b[39m\u001b[0m\u001b[22m\n\u001b[2m    \u001b[0m \u001b[90m 157 | \u001b[39m      modified\u001b[33m:\u001b[39m \u001b[36mtrue\u001b[39m\u001b[33m,\u001b[39m\u001b[0m\u001b[22m\n\u001b[2m    \u001b[0m \u001b[90m 158 | \u001b[39m    })\u001b[33m;\u001b[39m\u001b[0m\u001b[22m\n\u001b[2m    \u001b[0m \u001b[90m 159 | \u001b[39m    mockAxios\u001b[33m.\u001b[39mmockResponse()\u001b[33m;\u001b[39m\u001b[0m\u001b[22m\n\u001b[2m\u001b[22m\n\u001b[2m      \u001b[2mat Object.<anonymous> (\u001b[2m\u001b[0m\u001b[36mpackages/q3-ui-rest/src/hooks/__tests__/actions.test.js\u001b[39m\u001b[0m\u001b[2m:156:28)\u001b[2m\u001b[22m\n\n\u001b[1m\u001b[31m  \u001b[1m● \u001b[1museRest › should fail to post\u001b[39m\u001b[22m\n\n    \u001b[2mexpect(\u001b[22m\u001b[31mjest.fn()\u001b[39m\u001b[2m).\u001b[22mtoHaveBeenCalledWith\u001b[2m(\u001b[22m\u001b[32m...expected\u001b[39m\u001b[2m)\u001b[22m\n\n    Expected: \u001b[32m\"/foo\"\u001b[39m, \u001b[32m{\"modified\": true}\u001b[39m\n    Received\n           1: \u001b[2m\"/foo\"\u001b[22m, \u001b[31mundefined\u001b[39m, \u001b[31m{\"headers\": {}}\u001b[39m\n           2: \u001b[2m\"/foo\"\u001b[22m, \u001b[31mundefined\u001b[39m, \u001b[31m{\"headers\": {}}\u001b[39m\n\n    Number of calls: \u001b[31m2\u001b[39m\n\u001b[2m\u001b[22m\n\u001b[2m    \u001b[0m \u001b[90m 167 | \u001b[39m  it(\u001b[32m'should fail to post'\u001b[39m\u001b[33m,\u001b[39m () \u001b[33m=>\u001b[39m {\u001b[0m\u001b[22m\n\u001b[2m    \u001b[0m \u001b[90m 168 | \u001b[39m    post()\u001b[33m;\u001b[39m\u001b[0m\u001b[22m\n\u001b[2m    \u001b[0m\u001b[31m\u001b[1m>\u001b[2m\u001b[39m\u001b[90m 169 | \u001b[39m    expect(mockAxios\u001b[33m.\u001b[39mpost)\u001b[33m.\u001b[39mtoHaveBeenCalledWith(\u001b[32m'/foo'\u001b[39m\u001b[33m,\u001b[39m {\u001b[0m\u001b[22m\n\u001b[2m    \u001b[0m \u001b[90m     | \u001b[39m                           \u001b[31m\u001b[1m^\u001b[2m\u001b[39m\u001b[0m\u001b[22m\n\u001b[2m    \u001b[0m \u001b[90m 170 | \u001b[39m      modified\u001b[33m:\u001b[39m \u001b[36mtrue\u001b[39m\u001b[33m,\u001b[39m\u001b[0m\u001b[22m\n\u001b[2m    \u001b[0m \u001b[90m 171 | \u001b[39m    })\u001b[33m;\u001b[39m\u001b[0m\u001b[22m\n\u001b[2m    \u001b[0m \u001b[90m 172 | \u001b[39m    mockAxios\u001b[33m.\u001b[39mmockError()\u001b[33m;\u001b[39m\u001b[0m\u001b[22m\n\u001b[2m\u001b[22m\n\u001b[2m      \u001b[2mat Object.<anonymous> (\u001b[2m\u001b[0m\u001b[36mpackages/q3-ui-rest/src/hooks/__tests__/actions.test.js\u001b[39m\u001b[0m\u001b[2m:169:28)\u001b[2m\u001b[22m\n\n\u001b[1m\u001b[31m  \u001b[1m● \u001b[1museRest configurations › should call get automatically\u001b[39m\u001b[22m\n\n    \u001b[2mexpect(\u001b[22m\u001b[31mjest.fn()\u001b[39m\u001b[2m).\u001b[22mtoHaveBeenCalledWith\u001b[2m(\u001b[22m\u001b[32m...expected\u001b[39m\u001b[2m)\u001b[22m\n\n    Expected: \u001b[32mObjectContaining {\"data\": {\"resources\": []}, \"type\": \"FETCHED\"}\u001b[39m\n    Received\n           1: \u001b[31m{\"data\": {}, \"err\": {}, \"key\": undefined, \"pluralized\": undefined, \"type\": \"FETCHING\"}\u001b[39m\n           2: \u001b[31m{\"data\": {\"resources\": []}, \"err\": {}, \"key\": undefined, \"pluralized\": undefined, \"type\": \"CREATED\"}\u001b[39m\n\n    Number of calls: \u001b[31m2\u001b[39m\n\u001b[2m\u001b[22m\n\u001b[2m    \u001b[0m \u001b[90m 191 | \u001b[39m    expect(mockAxios\u001b[33m.\u001b[39mget)\u001b[33m.\u001b[39mtoHaveBeenCalledWith(\u001b[32m'/'\u001b[39m)\u001b[33m;\u001b[39m\u001b[0m\u001b[22m\n\u001b[2m    \u001b[0m \u001b[90m 192 | \u001b[39m    mockAxios\u001b[33m.\u001b[39mmockResponse(resp)\u001b[33m;\u001b[39m\u001b[0m\u001b[22m\n\u001b[2m    \u001b[0m\u001b[31m\u001b[1m>\u001b[2m\u001b[39m\u001b[90m 193 | \u001b[39m    expect(dispatch)\u001b[33m.\u001b[39mtoHaveBeenCalledWith(\u001b[0m\u001b[22m\n\u001b[2m    \u001b[0m \u001b[90m     | \u001b[39m                     \u001b[31m\u001b[1m^\u001b[2m\u001b[39m\u001b[0m\u001b[22m\n\u001b[2m    \u001b[0m \u001b[90m 194 | \u001b[39m      expect\u001b[33m.\u001b[39mobjectContaining({\u001b[0m\u001b[22m\n\u001b[2m    \u001b[0m \u001b[90m 195 | \u001b[39m        type\u001b[33m:\u001b[39m \u001b[33mFETCHED\u001b[39m\u001b[33m,\u001b[39m\u001b[0m\u001b[22m\n\u001b[2m    \u001b[0m \u001b[90m 196 | \u001b[39m        \u001b[33m...\u001b[39mresp\u001b[33m,\u001b[39m\u001b[0m\u001b[22m\n\u001b[2m\u001b[22m\n\u001b[2m      \u001b[2mat Object.<anonymous> (\u001b[2m\u001b[0m\u001b[36mpackages/q3-ui-rest/src/hooks/__tests__/actions.test.js\u001b[39m\u001b[0m\u001b[2m:193:22)\u001b[2m\u001b[22m\n","name":"C:\\Users\\ibber\\Documents\\Q3-Client\\packages\\q3-ui-rest\\src\\hooks\\__tests__\\actions.test.js","startTime":1575924204308,"status":"failed","summary":""},{"assertionResults":[{"ancestorTitles":["Slider pagination"],"failureMessages":[],"fullName":"Slider pagination should render without buttons","location":null,"status":"passed","title":"should render without buttons"},{"ancestorTitles":["Slider pagination"],"failureMessages":[],"fullName":"Slider pagination should render with only buttons","location":null,"status":"passed","title":"should render with only buttons"},{"ancestorTitles":["Slider pagination"],"failureMessages":[],"fullName":"Slider pagination should render with steppers","location":null,"status":"passed","title":"should render with steppers"},{"ancestorTitles":["PaginationButtons"],"failureMessages":[],"fullName":"PaginationButtons should disable previous button","location":null,"status":"passed","title":"should disable previous button"},{"ancestorTitles":["PaginationButtons"],"failureMessages":[],"fullName":"PaginationButtons should not disable last button","location":null,"status":"passed","title":"should not disable last button"}],"endTime":1575924206485,"message":"","name":"C:\\Users\\ibber\\Documents\\Q3-Client\\packages\\q3-ui\\src\\slider\\slider.test.jsx","startTime":1575924205374,"status":"passed","summary":""},{"assertionResults":[{"ancestorTitles":["getLinkAttributes"],"failureMessages":[],"fullName":"getLinkAttributes should return @reach/router Link","location":null,"status":"passed","title":"should return @reach/router Link"},{"ancestorTitles":["getLinkAttributes"],"failureMessages":[],"fullName":"getLinkAttributes should prepend forward slash on @reach/router Link","location":null,"status":"passed","title":"should prepend forward slash on @reach/router Link"},{"ancestorTitles":["getLinkAttributes"],"failureMessages":[],"fullName":"getLinkAttributes should return with target attributes","location":null,"status":"passed","title":"should return with target attributes"}],"endTime":1575924206803,"message":"","name":"C:\\Users\\ibber\\Documents\\Q3-Client\\packages\\q3-ui\\src\\utils.test.js","startTime":1575924206528,"status":"passed","summary":""},{"assertionResults":[{"ancestorTitles":["useFormik"],"failureMessages":[],"fullName":"useFormik should call setSubmitting property","location":null,"status":"passed","title":"should call setSubmitting property"},{"ancestorTitles":["useFormik"],"failureMessages":[],"fullName":"useFormik should reset the form","location":null,"status":"passed","title":"should reset the form"},{"ancestorTitles":["useFormik"],"failureMessages":[],"fullName":"useFormik should process errors","location":null,"status":"passed","title":"should process errors"},{"ancestorTitles":["useFormik"],"failureMessages":[],"fullName":"useFormik should do nothing without an action object","location":null,"status":"passed","title":"should do nothing without an action object"}],"endTime":1575924207137,"message":"","name":"C:\\Users\\ibber\\Documents\\Q3-Client\\packages\\q3-ui-forms\\src\\strategies\\__tests__\\formik.test.js","startTime":1575924206918,"status":"passed","summary":""},{"assertionResults":[{"ancestorTitles":["Search"],"failureMessages":["Error: \u001b[2mexpect(\u001b[22m\u001b[31mjest.fn()\u001b[39m\u001b[2m).\u001b[22mtoHaveBeenCalledWith\u001b[2m(\u001b[22m\u001b[32m...expected\u001b[39m\u001b[2m)\u001b[22m\n\nExpected: \u001b[32m{\"coll\": \"search-parents\", \"fields\": [\"friend\"]}\u001b[39m\n\nNumber of calls: \u001b[31m0\u001b[39m\n    at Object.<anonymous> (C:\\Users\\ibber\\Documents\\Q3-Client\\packages\\q3-admin\\src\\templates\\__tests__\\search.test.jsx:28:24)\n    at Object.asyncJestTest (C:\\Users\\ibber\\Documents\\Q3-Client\\node_modules\\jest-jasmine2\\build\\jasmineAsyncInstall.js:102:37)\n    at C:\\Users\\ibber\\Documents\\Q3-Client\\node_modules\\jest-jasmine2\\build\\queueRunner.js:43:12\n    at new Promise (<anonymous>)\n    at mapper (C:\\Users\\ibber\\Documents\\Q3-Client\\node_modules\\jest-jasmine2\\build\\queueRunner.js:26:19)\n    at C:\\Users\\ibber\\Documents\\Q3-Client\\node_modules\\jest-jasmine2\\build\\queueRunner.js:73:41"],"fullName":"Search should run filter","location":null,"status":"failed","title":"should run filter"},{"ancestorTitles":["Search"],"failureMessages":[],"fullName":"Search should not render filter without fields","location":null,"status":"passed","title":"should not render filter without fields"},{"ancestorTitles":["Search"],"failureMessages":[],"fullName":"Search should call autocomplete","location":null,"status":"passed","title":"should call autocomplete"},{"ancestorTitles":["Search"],"failureMessages":["TypeError: Cannot destructure property `type` of 'undefined' or 'null'.\n    at Object.<anonymous> (C:\\Users\\ibber\\Documents\\Q3-Client\\packages\\q3-admin\\src\\templates\\__tests__\\search.test.jsx:62:11)\n    at Object.asyncJestTest (C:\\Users\\ibber\\Documents\\Q3-Client\\node_modules\\jest-jasmine2\\build\\jasmineAsyncInstall.js:102:37)\n    at C:\\Users\\ibber\\Documents\\Q3-Client\\node_modules\\jest-jasmine2\\build\\queueRunner.js:43:12\n    at new Promise (<anonymous>)\n    at mapper (C:\\Users\\ibber\\Documents\\Q3-Client\\node_modules\\jest-jasmine2\\build\\queueRunner.js:26:19)\n    at C:\\Users\\ibber\\Documents\\Q3-Client\\node_modules\\jest-jasmine2\\build\\queueRunner.js:73:41"],"fullName":"Search should assign initial values to DataLayer","location":null,"status":"failed","title":"should assign initial values to DataLayer"},{"ancestorTitles":["FilterForm"],"failureMessages":[],"fullName":"FilterForm should append enum values to fields","location":null,"status":"passed","title":"should append enum values to fields"}],"endTime":1575924210429,"message":"\u001b[1m\u001b[31m  \u001b[1m● \u001b[1mSearch › should run filter\u001b[39m\u001b[22m\n\n    \u001b[2mexpect(\u001b[22m\u001b[31mjest.fn()\u001b[39m\u001b[2m).\u001b[22mtoHaveBeenCalledWith\u001b[2m(\u001b[22m\u001b[32m...expected\u001b[39m\u001b[2m)\u001b[22m\n\n    Expected: \u001b[32m{\"coll\": \"search-parents\", \"fields\": [\"friend\"]}\u001b[39m\n\n    Number of calls: \u001b[31m0\u001b[39m\n\u001b[2m\u001b[22m\n\u001b[2m    \u001b[0m \u001b[90m 26 | \u001b[39m  it(\u001b[32m'should run filter'\u001b[39m\u001b[33m,\u001b[39m () \u001b[33m=>\u001b[39m {\u001b[0m\u001b[22m\n\u001b[2m    \u001b[0m \u001b[90m 27 | \u001b[39m    global\u001b[33m.\u001b[39mshallow(\u001b[33m<\u001b[39m\u001b[33mSearch\u001b[39m fields\u001b[33m=\u001b[39m{{ friend\u001b[33m:\u001b[39m \u001b[32m'text'\u001b[39m }} \u001b[33m/\u001b[39m\u001b[33m>\u001b[39m)\u001b[33m;\u001b[39m\u001b[0m\u001b[22m\n\u001b[2m    \u001b[0m\u001b[31m\u001b[1m>\u001b[2m\u001b[39m\u001b[90m 28 | \u001b[39m    expect(useFilters)\u001b[33m.\u001b[39mtoHaveBeenCalledWith({\u001b[0m\u001b[22m\n\u001b[2m    \u001b[0m \u001b[90m    | \u001b[39m                       \u001b[31m\u001b[1m^\u001b[2m\u001b[39m\u001b[0m\u001b[22m\n\u001b[2m    \u001b[0m \u001b[90m 29 | \u001b[39m      coll\u001b[33m:\u001b[39m \u001b[32m'search-parents'\u001b[39m\u001b[33m,\u001b[39m\u001b[0m\u001b[22m\n\u001b[2m    \u001b[0m \u001b[90m 30 | \u001b[39m      fields\u001b[33m:\u001b[39m [\u001b[32m'friend'\u001b[39m]\u001b[33m,\u001b[39m\u001b[0m\u001b[22m\n\u001b[2m    \u001b[0m \u001b[90m 31 | \u001b[39m    })\u001b[33m;\u001b[39m\u001b[0m\u001b[22m\n\u001b[2m\u001b[22m\n\u001b[2m      \u001b[2mat Object.<anonymous> (\u001b[2m\u001b[0m\u001b[36mpackages/q3-admin/src/templates/__tests__/search.test.jsx\u001b[39m\u001b[0m\u001b[2m:28:24)\u001b[2m\u001b[22m\n\n\u001b[1m\u001b[31m  \u001b[1m● \u001b[1mSearch › should assign initial values to DataLayer\u001b[39m\u001b[22m\n\n    TypeError: Cannot destructure property `type` of 'undefined' or 'null'.\n\u001b[2m\u001b[22m\n\u001b[2m    \u001b[0m \u001b[90m 60 | \u001b[39m      \u001b[33m.\u001b[39mprops()\u001b[33m;\u001b[39m\u001b[0m\u001b[22m\n\u001b[2m    \u001b[0m \u001b[90m 61 | \u001b[39m\u001b[0m\u001b[22m\n\u001b[2m    \u001b[0m\u001b[31m\u001b[1m>\u001b[2m\u001b[39m\u001b[90m 62 | \u001b[39m    \u001b[36mconst\u001b[39m { type\u001b[33m,\u001b[39m props } \u001b[33m=\u001b[39m filter()\u001b[33m;\u001b[39m\u001b[0m\u001b[22m\n\u001b[2m    \u001b[0m \u001b[90m    | \u001b[39m          \u001b[31m\u001b[1m^\u001b[2m\u001b[39m\u001b[0m\u001b[22m\n\u001b[2m    \u001b[0m \u001b[90m 63 | \u001b[39m    expect(type\u001b[33m.\u001b[39mname)\u001b[33m.\u001b[39mtoMatch(\u001b[32m'DataLayer'\u001b[39m)\u001b[33m;\u001b[39m\u001b[0m\u001b[22m\n\u001b[2m    \u001b[0m \u001b[90m 64 | \u001b[39m    expect(props)\u001b[33m.\u001b[39mtoHaveProperty(\u001b[32m'initialValues'\u001b[39m\u001b[33m,\u001b[39m {\u001b[0m\u001b[22m\n\u001b[2m    \u001b[0m \u001b[90m 65 | \u001b[39m      firstName\u001b[33m:\u001b[39m \u001b[32m''\u001b[39m\u001b[33m,\u001b[39m\u001b[0m\u001b[22m\n\u001b[2m\u001b[22m\n\u001b[2m      \u001b[2mat Object.<anonymous> (\u001b[2m\u001b[0m\u001b[36mpackages/q3-admin/src/templates/__tests__/search.test.jsx\u001b[39m\u001b[0m\u001b[2m:62:11)\u001b[2m\u001b[22m\n","name":"C:\\Users\\ibber\\Documents\\Q3-Client\\packages\\q3-admin\\src\\templates\\__tests__\\search.test.jsx","startTime":1575924207167,"status":"failed","summary":""},{"assertionResults":[{"ancestorTitles":[],"failureMessages":[],"fullName":"RepeaterBuilder prop routing","location":null,"status":"passed","title":"RepeaterBuilder prop routing"}],"endTime":1575924211039,"message":"","name":"C:\\Users\\ibber\\Documents\\Q3-Client\\packages\\q3-ui-forms\\src\\builders\\__tests__\\repeater.test.jsx","startTime":1575924210662,"status":"passed","summary":""},{"assertionResults":[{"ancestorTitles":["FromJSON","FieldBuilder"],"failureMessages":[],"fullName":"FromJSON FieldBuilder should set valid HTML types","location":null,"status":"passed","title":"should set valid HTML types"},{"ancestorTitles":["FromJSON","FieldBuilder"],"failureMessages":[],"fullName":"FromJSON FieldBuilder should return null","location":null,"status":"passed","title":"should return null"},{"ancestorTitles":["FromJSON","FieldBuilder"],"failureMessages":[],"fullName":"FromJSON FieldBuilder should set options props","location":null,"status":"passed","title":"should set options props"},{"ancestorTitles":["FromJSON","FieldBuilder"],"failureMessages":[],"fullName":"FromJSON FieldBuilder should set loadOptions props","location":null,"status":"passed","title":"should set loadOptions props"},{"ancestorTitles":["FromJSON","ComponentSwitcher"],"failureMessages":[],"fullName":"FromJSON ComponentSwitcher should return a text field","location":null,"status":"passed","title":"should return a text field"},{"ancestorTitles":["FromJSON","ComponentSwitcher"],"failureMessages":[],"fullName":"FromJSON ComponentSwitcher should return radio set","location":null,"status":"passed","title":"should return radio set"},{"ancestorTitles":["FromJSON","ComponentSwitcher"],"failureMessages":[],"fullName":"FromJSON ComponentSwitcher should run the options function","location":null,"status":"passed","title":"should run the options function"},{"ancestorTitles":["FromJSON","ComponentSwitcher"],"failureMessages":[],"fullName":"FromJSON ComponentSwitcher should return null","location":null,"status":"passed","title":"should return null"},{"ancestorTitles":["FromJSON","smoke"],"failureMessages":[],"fullName":"FromJSON smoke should map fields to inputs","location":null,"status":"passed","title":"should map fields to inputs"}],"endTime":1575924213174,"message":"","name":"C:\\Users\\ibber\\Documents\\Q3-Client\\packages\\q3-ui-forms\\src\\builders\\__tests__\\fromJson.test.jsx","startTime":1575924211104,"status":"passed","summary":""},{"assertionResults":[],"coverage":{},"endTime":1575924263620,"message":"  \u001b[1m● \u001b[22mTest suite failed to run\n\n    TypeError: (0 , _formik.connect) is not a function\n\n    \u001b[0m \u001b[90m 483 | \u001b[39m}\u001b[33m;\u001b[39m\u001b[0m\n    \u001b[0m \u001b[90m 484 | \u001b[39m\u001b[0m\n    \u001b[0m\u001b[31m\u001b[1m>\u001b[22m\u001b[39m\u001b[90m 485 | \u001b[39m\u001b[36mexport\u001b[39m \u001b[36mdefault\u001b[39m connect(\u001b[33mIntegratedTextField\u001b[39m)\u001b[33m;\u001b[39m\u001b[0m\n    \u001b[0m \u001b[90m     | \u001b[39m               \u001b[31m\u001b[1m^\u001b[22m\u001b[39m\u001b[0m\n    \u001b[0m \u001b[90m 486 | \u001b[39m\u001b[36mexport\u001b[39m \u001b[36mconst\u001b[39m \u001b[33mDesktopSelect\u001b[39m \u001b[33m=\u001b[39m connect(\u001b[33mIntegratedSelect\u001b[39m)\u001b[33m;\u001b[39m\u001b[0m\n    \u001b[0m \u001b[90m 487 | \u001b[39m\u001b[36mexport\u001b[39m \u001b[36mconst\u001b[39m \u001b[33mDateSelect\u001b[39m \u001b[33m=\u001b[39m connect(\u001b[33mIntegratedDatePicker\u001b[39m)\u001b[33m;\u001b[39m\u001b[0m\n    \u001b[0m \u001b[90m 488 | \u001b[39m\u001b[36mexport\u001b[39m \u001b[36mconst\u001b[39m \u001b[33mCheck\u001b[39m \u001b[33m=\u001b[39m connect(\u001b[33mIntegratedCheckbox\u001b[39m)\u001b[33m;\u001b[39m\u001b[0m\n\n      \u001b[2mat Object.<anonymous> (\u001b[22mpackages/q3-ui/src/inputs/index.jsx\u001b[2m:485:16)\u001b[22m\n      \u001b[2mat Object.<anonymous> (\u001b[22mpackages/q3-ui-forms/src/builders/fromJson.jsx\u001b[2m:4:1)\u001b[22m\n      \u001b[2mat Object.<anonymous> (\u001b[22mpackages/q3-ui-forms/src/builders/submit.jsx\u001b[2m:5:1)\u001b[22m\n      \u001b[2mat Object.<anonymous> (\u001b[22mpackages/q3-admin/src/templates/utils.js\u001b[2m:2:1)\u001b[22m\n      \u001b[2mat Object.<anonymous> (\u001b[22mpackages/q3-admin/src/templates/list.jsx\u001b[2m:14:1)\u001b[22m\n      \u001b[2mat Object.<anonymous> (\u001b[22m\u001b[0m\u001b[36mpackages/q3-admin/src/templates/__tests__/list.test.jsx\u001b[39m\u001b[0m\u001b[2m:5:1)\u001b[22m\n","name":"C:\\Users\\ibber\\Documents\\Q3-Client\\packages\\q3-admin\\src\\templates\\__tests__\\list.test.jsx","startTime":1575924263620,"status":"failed","summary":""},{"assertionResults":[{"ancestorTitles":["Header"],"failureMessages":[],"fullName":"Header should use resourceName as default title","location":null,"status":"passed","title":"should use resourceName as default title"},{"ancestorTitles":["Header"],"failureMessages":[],"fullName":"Header should embed child in renderRight prop","location":null,"status":"passed","title":"should embed child in renderRight prop"},{"ancestorTitles":["Header"],"failureMessages":[],"fullName":"Header should embed child in renderPreIdentifier prop","location":null,"status":"passed","title":"should embed child in renderPreIdentifier prop"},{"ancestorTitles":["Header"],"failureMessages":[],"fullName":"Header should load dynamic, nested title","location":null,"status":"passed","title":"should load dynamic, nested title"}],"endTime":1575924214484,"message":"","name":"C:\\Users\\ibber\\Documents\\Q3-Client\\packages\\q3-admin\\src\\templates\\__tests__\\header.test.jsx","startTime":1575924214041,"status":"passed","summary":""},{"assertionResults":[{"ancestorTitles":["Collection"],"failureMessages":[],"fullName":"Collection should include only Page components plus a default 404","location":null,"status":"passed","title":"should include only Page components plus a default 404"},{"ancestorTitles":["Collection"],"failureMessages":[],"fullName":"Collection should pass props to each Page","location":null,"status":"passed","title":"should pass props to each Page"}],"endTime":1575924214943,"message":"","name":"C:\\Users\\ibber\\Documents\\Q3-Client\\packages\\q3-admin\\src\\templates\\__tests__\\collection.test.jsx","startTime":1575924214548,"status":"passed","summary":""},{"assertionResults":[{"ancestorTitles":["Searchbar","FilterTrigger"],"failureMessages":[],"fullName":"Searchbar FilterTrigger should set primary on active","location":null,"status":"passed","title":"should set primary on active"},{"ancestorTitles":["Searchbar","FilterTrigger"],"failureMessages":[],"fullName":"Searchbar FilterTrigger should set normal on inactive","location":null,"status":"passed","title":"should set normal on inactive"},{"ancestorTitles":["Searchbar","Adornment"],"failureMessages":[],"fullName":"Searchbar Adornment should render children","location":null,"status":"passed","title":"should render children"},{"ancestorTitles":["Searchbar","Adornment"],"failureMessages":[],"fullName":"Searchbar Adornment should show on search term","location":null,"status":"passed","title":"should show on search term"},{"ancestorTitles":["Searchbar","SearchResultList"],"failureMessages":[],"fullName":"Searchbar SearchResultList should call getResults promise with term","location":null,"status":"passed","title":"should call getResults promise with term"},{"ancestorTitles":["Searchbar","SearchResultList"],"failureMessages":[],"fullName":"Searchbar SearchResultList should render a graphic without results","location":null,"status":"passed","title":"should render a graphic without results"},{"ancestorTitles":["Searchbar","SearchResultList"],"failureMessages":[],"fullName":"Searchbar SearchResultList should render a list without results","location":null,"status":"passed","title":"should render a list without results"}],"endTime":1575924215351,"message":"","name":"C:\\Users\\ibber\\Documents\\Q3-Client\\packages\\q3-ui\\src\\searchBar\\searchBar.test.jsx","startTime":1575924215075,"status":"passed","summary":""},{"assertionResults":[{"ancestorTitles":["Wizard","getContentFromProps"],"failureMessages":["TypeError: (0 , _.getContentFromProps) is not a function\n    at Object.<anonymous> (C:\\Users\\ibber\\Documents\\Q3-Client\\packages\\q3-ui\\src\\wizard\\wizard.test.jsx:7:9)\n    at Object.asyncJestTest (C:\\Users\\ibber\\Documents\\Q3-Client\\node_modules\\jest-jasmine2\\build\\jasmineAsyncInstall.js:102:37)\n    at C:\\Users\\ibber\\Documents\\Q3-Client\\node_modules\\jest-jasmine2\\build\\queueRunner.js:43:12\n    at new Promise (<anonymous>)\n    at mapper (C:\\Users\\ibber\\Documents\\Q3-Client\\node_modules\\jest-jasmine2\\build\\queueRunner.js:26:19)\n    at C:\\Users\\ibber\\Documents\\Q3-Client\\node_modules\\jest-jasmine2\\build\\queueRunner.js:73:41"],"fullName":"Wizard getContentFromProps should return single string","location":null,"status":"failed","title":"should return single string"},{"ancestorTitles":["Wizard","getContentFromProps"],"failureMessages":["TypeError: (0 , _.getContentFromProps) is not a function\n    at Object.<anonymous> (C:\\Users\\ibber\\Documents\\Q3-Client\\packages\\q3-ui\\src\\wizard\\wizard.test.jsx:12:9)\n    at Object.asyncJestTest (C:\\Users\\ibber\\Documents\\Q3-Client\\node_modules\\jest-jasmine2\\build\\jasmineAsyncInstall.js:102:37)\n    at C:\\Users\\ibber\\Documents\\Q3-Client\\node_modules\\jest-jasmine2\\build\\queueRunner.js:43:12\n    at new Promise (<anonymous>)\n    at mapper (C:\\Users\\ibber\\Documents\\Q3-Client\\node_modules\\jest-jasmine2\\build\\queueRunner.js:26:19)\n    at C:\\Users\\ibber\\Documents\\Q3-Client\\node_modules\\jest-jasmine2\\build\\queueRunner.js:73:41"],"fullName":"Wizard getContentFromProps should return from index in array","location":null,"status":"failed","title":"should return from index in array"},{"ancestorTitles":["Wizard","getSteps"],"failureMessages":["TypeError: (0 , _.getSteps) is not a function\n    at Object.<anonymous> (C:\\Users\\ibber\\Documents\\Q3-Client\\packages\\q3-ui\\src\\wizard\\wizard.test.jsx:21:14)\n    at Object.asyncJestTest (C:\\Users\\ibber\\Documents\\Q3-Client\\node_modules\\jest-jasmine2\\build\\jasmineAsyncInstall.js:102:37)\n    at C:\\Users\\ibber\\Documents\\Q3-Client\\node_modules\\jest-jasmine2\\build\\queueRunner.js:43:12\n    at new Promise (<anonymous>)\n    at mapper (C:\\Users\\ibber\\Documents\\Q3-Client\\node_modules\\jest-jasmine2\\build\\queueRunner.js:26:19)\n    at C:\\Users\\ibber\\Documents\\Q3-Client\\node_modules\\jest-jasmine2\\build\\queueRunner.js:73:41"],"fullName":"Wizard getSteps should return empty array","location":null,"status":"failed","title":"should return empty array"},{"ancestorTitles":["Wizard","getSteps"],"failureMessages":["TypeError: (0 , _.getSteps) is not a function\n    at Object.<anonymous> (C:\\Users\\ibber\\Documents\\Q3-Client\\packages\\q3-ui\\src\\wizard\\wizard.test.jsx:24:14)\n    at Object.asyncJestTest (C:\\Users\\ibber\\Documents\\Q3-Client\\node_modules\\jest-jasmine2\\build\\jasmineAsyncInstall.js:102:37)\n    at C:\\Users\\ibber\\Documents\\Q3-Client\\node_modules\\jest-jasmine2
[...]
,"10":{"start":{"line":46,"column":2},"end":{"line":77,"column":4}},"11":{"start":{"line":49,"column":29},"end":{"line":49,"column":37}},"12":{"start":{"line":50,"column":21},"end":{"line":50,"column":38}},"13":{"start":{"line":51,"column":22},"end":{"line":51,"column":49}},"14":{"start":{"line":52,"column":8},"end":{"line":74,"column":10}},"15":{"start":{"line":60,"column":14},"end":{"line":71,"column":15}},"16":{"start":{"line":80,"column":0},"end":{"line":82,"column":2}},"17":{"start":{"line":84,"column":0},"end":{"line":86,"column":2}}},"fnMap":{"0":{"name":"(anonymous_0)","decl":{"start":{"line":10,"column":29},"end":{"line":10,"column":30}},"loc":{"start":{"line":10,"column":36},"end":{"line":18,"column":1}},"line":10},"1":{"name":"(anonymous_1)","decl":{"start":{"line":21,"column":2},"end":{"line":21,"column":3}},"loc":{"start":{"line":21,"column":16},"end":{"line":23,"column":3}},"line":21},"2":{"name":"(anonymous_2)","decl":{"start":{"line":25,"column":2},"end":{"line":25,"column":3}},"loc":{"start":{"line":25,"column":21},"end":{"line":27,"column":3}},"line":25},"3":{"name":"(anonymous_3)","decl":{"start":{"line":26,"column":34},"end":{"line":26,"column":35}},"loc":{"start":{"line":26,"column":41},"end":{"line":26,"column":42}},"line":26},"4":{"name":"(anonymous_4)","decl":{"start":{"line":29,"column":2},"end":{"line":29,"column":3}},"loc":{"start":{"line":29,"column":15},"end":{"line":32,"column":3}},"line":29},"5":{"name":"(anonymous_5)","decl":{"start":{"line":35,"column":26},"end":{"line":35,"column":27}},"loc":{"start":{"line":35,"column":40},"end":{"line":78,"column":1}},"line":35},"6":{"name":"renderLast","decl":{"start":{"line":38,"column":11},"end":{"line":38,"column":21}},"loc":{"start":{"line":38,"column":28},"end":{"line":44,"column":3}},"line":38},"7":{"name":"(anonymous_7)","decl":{"start":{"line":48,"column":7},"end":{"line":48,"column":8}},"loc":{"start":{"line":48,"column":25},"end":{"line":75,"column":7}},"line":48},"8":{"name":"(anonymous_8)","decl":{"start":{"line":59,"column":23},"end":{"line":59,"column":24}},"loc":{"start":{"line":60,"column":14},"end":{"line":71,"column":15}},"line":60}},"branchMap":{"0":{"loc":{"start":{"line":54,"column":13},"end":{"line":58,"column":13}},"type":"binary-expr","locations":[{"start":{"line":54,"column":13},"end":{"line":54,"column":25}},{"start":{"line":55,"column":14},"end":{"line":57,"column":21}}],"line":54},"1":{"loc":{"start":{"line":60,"column":14},"end":{"line":71,"column":15}},"type":"cond-expr","locations":[{"start":{"line":61,"column":16},"end":{"line":61,"column":38}},{"start":{"line":63,"column":16},"end":{"line":70,"column":23}}],"line":60}},"s":{"0":2,"1":1,"2":1,"3":1,"4":3,"5":2,"6":2,"7":2,"8":1,"9":1,"10":1,"11":1,"12":1,"13":1,"14":1,"15":3,"16":2,"17":2},"f":{"0":1,"1":1,"2":1,"3":3,"4":2,"5":1,"6":1,"7":1,"8":3},"b":{"0":[1,1],"1":[1,2]},"_coverageSchema":"43e27e138ebf9cfc5966b082cf9a028302ed4184","hash":"9dd9820f28194bd030c776e1c1bfa09b91e25249"},"C:\\Users\\ibber\\Documents\\Q3-Client\\packages\\q3-ui\\src\\tel\\index.jsx":{"path":"C:\\Users\\ibber\\Documents\\Q3-Client\\packages\\q3-ui\\src\\tel\\index.jsx","statementMap":{"0":{"start":{"line":12,"column":18},"end":{"line":25,"column":3}},"1":{"start":{"line":12,"column":41},"end":{"line":25,"column":1}},"2":{"start":{"line":27,"column":28},"end":{"line":69,"column":1}},"3":{"start":{"line":28,"column":19},"end":{"line":28,"column":30}},"4":{"start":{"line":29,"column":16},"end":{"line":29,"column":32}},"5":{"start":{"line":30,"column":16},"end":{"line":30,"column":32}},"6":{"start":{"line":32,"column":2},"end":{"line":32,"column":27}},"7":{"start":{"line":32,"column":15},"end":{"line":32,"column":27}},"8":{"start":{"line":34,"column":15},"end":{"line":37,"column":3}},"9":{"start":{"line":39,"column":2},"end":{"line":68,"column":4}},"10":{"start":{"line":71,"column":0},"end":{"line":74,"column":2}},"11":{"start":{"line":76,"column":0},"end":{"line":79,"column":2}}},"fnMap":{"0":{"name":"(anonymous_0)","decl":{"start":{"line":12,"column":29},"end":{"line":12,"column":30}},"loc":{"start":{"line":12,"column":41},"end":{"line":25,"column":1}},"line":12},"1":{"name":"(anonymous_1)","decl":{"start":{"line":27,"column":28},"end":{"line":27,"column":29}},"loc":{"start":{"line":27,"column":44},"end":{"line":69,"column":1}},"line":27}},"branchMap":{"0":{"loc":{"start":{"line":32,"column":2},"end":{"line":32,"column":27}},"type":"if","locations":[{"start":{"line":32,"column":2},"end":{"line":32,"column":27}},{"start":{"line":32,"column":2},"end":{"line":32,"column":27}}],"line":32}},"s":{"0":1,"1":1,"2":1,"3":2,"4":2,"5":2,"6":2,"7":1,"8":1,"9":1,"10":1,"11":1},"f":{"0":1,"1":2},"b":{"0":[1,1]},"_coverageSchema":"43e27e138ebf9cfc5966b082cf9a028302ed4184","hash":"64ee33d0b731256172ad36bbe708f53ad52f4087"},"C:\\Users\\ibber\\Documents\\Q3-Client\\packages\\gatsby-theme-q3\\src\\utils\\contentful.jsx":{"path":"C:\\Users\\ibber\\Documents\\Q3-Client\\packages\\gatsby-theme-q3\\src\\utils\\contentful.jsx","statementMap":{"0":{"start":{"line":12,"column":20},"end":{"line":37,"column":1}},"1":{"start":{"line":13,"column":39},"end":{"line":17,"column":3}},"2":{"start":{"line":19,"column":2},"end":{"line":21,"column":3}},"3":{"start":{"line":20,"column":4},"end":{"line":20,"column":16}},"4":{"start":{"line":23,"column":19},"end":{"line":23,"column":43}},"5":{"start":{"line":24,"column":20},"end":{"line":24,"column":42}},"6":{"start":{"line":26,"column":2},"end":{"line":34,"column":3}},"7":{"start":{"line":27,"column":4},"end":{"line":33,"column":6}},"8":{"start":{"line":36,"column":2},"end":{"line":36,"column":14}},"9":{"start":{"line":40,"column":2},"end":{"line":102,"column":4}},"10":{"start":{"line":42,"column":30},"end":{"line":42,"column":53}},"11":{"start":{"line":43,"column":32},"end":{"line":43,"column":45}},"12":{"start":{"line":44,"column":35},"end":{"line":44,"column":48}},"13":{"start":{"line":45,"column":30},"end":{"line":45,"column":49}},"14":{"start":{"line":49,"column":8},"end":{"line":49,"column":57}},"15":{"start":{"line":52,"column":8},"end":{"line":54,"column":21}},"16":{"start":{"line":57,"column":8},"end":{"line":59,"column":21}},"17":{"start":{"line":62,"column":8},"end":{"line":64,"column":21}},"18":{"start":{"line":67,"column":8},"end":{"line":69,"column":21}},"19":{"start":{"line":72,"column":8},"end":{"line":74,"column":21}},"20":{"start":{"line":77,"column":8},"end":{"line":79,"column":21}},"21":{"start":{"line":82,"column":8},"end":{"line":82,"column":46}},"22":{"start":{"line":85,"column":8},"end":{"line":85,"column":46}},"23":{"start":{"line":88,"column":8},"end":{"line":93,"column":19}},"24":{"start":{"line":95,"column":25},"end":{"line":95,"column":36}},"25":{"start":{"line":97,"column":8},"end":{"line":97,"column":43}},"26":{"start":{"line":100,"column":8},"end":{"line":100,"column":33}}},"fnMap":{"0":{"name":"(anonymous_0)","decl":{"start":{"line":12,"column":20},"end":{"line":12,"column":21}},"loc":{"start":{"line":12,"column":38},"end":{"line":37,"column":1}},"line":12},"1":{"name":"(anonymous_1)","decl":{"start":{"line":39,"column":15},"end":{"line":39,"column":16}},"loc":{"start":{"line":40,"column":2},"end":{"line":102,"column":4}},"line":40},"2":{"name":"(anonymous_2)","decl":{"start":{"line":42,"column":20},"end":{"line":42,"column":21}},"loc":{"start":{"line":42,"column":30},"end":{"line":42,"column":53}},"line":42},"3":{"name":"(anonymous_3)","decl":{"start":{"line":43,"column":22},"end":{"line":43,"column":23}},"loc":{"start":{"line":43,"column":32},"end":{"line":43,"column":45}},"line":43},"4":{"name":"(anonymous_4)","decl":{"start":{"line":44,"column":25},"end":{"line":44,"column":26}},"loc":{"start":{"line":44,"column":35},"end":{"line":44,"column":48}},"line":44},"5":{"name":"(anonymous_5)","decl":{"start":{"line":45,"column":20},"end":{"line":45,"column":21}},"loc":{"start":{"line":45,"column":30},"end":{"line":45,"column":49}},"line":45},"6":{"name":"(anonymous_6)","decl":{"start":{"line":48,"column":26},"end":{"line":48,"column":27}},"loc":{"start":{"line":49,"column":8},"end":{"line":49,"column":57}},"line":49},"7":{"name":"(anonymous_7)","decl":{"start":{"line":51,"column":26},"end":{"line":51,"column":27}},"loc":{"start":{"line":52,"column":8},"end":{"line":54,"column":21}},"line":52},"8":{"name":"(anonymous_8)","decl":{"start":{"line":56,"column":26},"end":{"line":56,"column":27}},"loc":{"start":{"line":57,"column":8},"end":{"line":59,"column":21}},"line":57},"9":{"name":"(anonymous_9)","decl":{"start":{"line":61,"column":26},"end":{"line":61,"column":27}},"loc":{"start":{"line":62,"column":8},"end":{"line":64,"column":21}},"line":62},"10":{"name":"(anonymous_10)","decl":{"start":{"line":66,"column":26},"end":{"line":66,"column":27}},"loc":{"start":{"line":67,"column":8},"end":{"line":69,"column":21}},"line":67},"11":{"name":"(anonymous_11)","decl":{"start":{"line":71,"column":26},"end":{"line":71,"column":27}},"loc":{"start":{"line":72,"column":8},"end":{"line":74,"column":21}},"line":72},"12":{"name":"(anonymous_12)","decl":{"start":{"line":76,"column":26},"end":{"line":76,"column":27}},"loc":{"start":{"line":77,"column":8},"end":{"line":79,"column":21}},"line":77},"13":{"name":"(anonymous_13)","decl":{"start":{"line":81,"column":24},"end":{"line":81,"column":25}},"loc":{"start":{"line":82,"column":8},"end":{"line":82,"column":46}},"line":82},"14":{"name":"(anonymous_14)","decl":{"start":{"line":84,"column":24},"end":{"line":84,"column":25}},"loc":{"start":{"line":85,"column":8},"end":{"line":85,"column":46}},"line":85},"15":{"name":"(anonymous_15)","decl":{"start":{"line":87,"column":26},"end":{"line":87,"column":27}},"loc":{"start":{"line":88,"column":8},"end":{"line":93,"column":19}},"line":88},"16":{"name":"(anonymous_16)","decl":{"start":{"line":95,"column":19},"end":{"line":95,"column":20}},"loc":{"start":{"line":95,"column":25},"end":{"line":95,"column":36}},"line":95},"17":{"name":"(anonymous_17)","decl":{"start":{"line":96,"column":22},"end":{"line":96,"column":23}},"loc":{"start":{"line":97,"column":8},"end":{"line":97,"column":43}},"line":97},"18":{"name":"(anonymous_18)","decl":{"start":{"line":99,"column":31},"end":{"line":99,"column":32}},"loc":{"start":{"line":100,"column":8},"end":{"line":100,"column":33}},"line":100}},"branchMap":{"0":{"loc":{"start":{"line":19,"column":2},"end":{"line":21,"column":3}},"type":"if","locations":[{"start":{"line":19,"column":2},"end":{"line":21,"column":3}},{"start":{"line":19,"column":2},"end":{"line":21,"column":3}}],"line":19},"1":{"loc":{"start":{"line":19,"column":6},"end":{"line":19,"column":32}},"type":"binary-expr","locations":[{"start":{"line":19,"column":6},"end":{"line":19,"column":11}},{"start":{"line":19,"column":15},"end":{"line":19,"column":32}}],"line":19},"2":{"loc":{"start":{"line":26,"column":2},"end":{"line":34,"column":3}},"type":"if","locations":[{"start":{"line":26,"column":2},"end":{"line":34,"column":3}},{"start":{"line":26,"column":2},"end":{"line":34,"column":3}}],"line":26},"3":{"loc":{"start":{"line":29,"column":15},"end":{"line":29,"column":43}},"type":"cond-expr","locations":[{"start":{"line":29,"column":23},"end":{"line":29,"column":36}},{"start":{"line":29,"column":39},"end":{"line":29,"column":43}}],"line":29},"4":{"loc":{"start":{"line":30,"column":13},"end":{"line":30,"column":53}},"type":"cond-expr","locations":[{"start":{"line":30,"column":27},"end":{"line":30,"column":46}},{"start":{"line":30,"column":49},"end":{"line":30,"column":53}}],"line":30},"5":{"loc":{"start":{"line":39,"column":22},"end":{"line":39,"column":38}},"type":"default-arg","locations":[{"start":{"line":39,"column":31},"end":{"line":39,"column":38}}],"line":39}},"s":{"0":1,"1":1,"2":1,"3":0,"4":1,"5":1,"6":1,"7":1,"8":0,"9":1,"10":1,"11":1,"12":1,"13":0,"14":10,"15":1,"16":1,"17":1,"18":1,"19":1,"20":1,"21":0,"22":1,"23":3,"24":1,"25":0,"26":1},"f":{"0":1,"1":1,"2":1,"3":1,"4":1,"5":0,"6":10,"7":1,"8":1,"9":1,"10":1,"11":1,"12":1,"13":0,"14":1,"15":3,"16":1,"17":0,"18":1},"b":{"0":[0,1],"1":[1,1],"2":[1,0],"3":[1,0],"4":[0,1],"5":[1]},"_coverageSchema":"43e27e138ebf9cfc5966b082cf9a028302ed4184","hash":"a91909586ce8b0b413f90a3bfac9fc10c31c773e"},"C:\\Users\\ibber\\Documents\\Q3-Client\\packages\\gatsby-theme-q3\\src\\utils\\loader.js":{"path":"C:\\Users\\ibber\\Documents\\Q3-Client\\packages\\gatsby-theme-q3\\src\\utils\\loader.js","statementMap":{"0":{"start":{"line":1,"column":13},"end":{"line":1,"column":28}},"1":{"start":{"line":2,"column":11},"end":{"line":2,"column":24}},"2":{"start":{"line":4,"column":16},"end":{"line":4,"column":53}},"3":{"start":{"line":4,"column":25},"end":{"line":4,"column":53}},"4":{"start":{"line":6,"column":13},"end":{"line":6,"column":27}},"5":{"start":{"line":7,"column":18},"end":{"line":7,"column":47}},"6":{"start":{"line":9,"column":15},"end":{"line":27,"column":1}},"7":{"start":{"line":10,"column":2},"end":{"line":11,"column":41}},"8":{"start":{"line":11,"column":4},"end":{"line":11,"column":41}},"9":{"start":{"line":13,"column":2},"end":{"line":26,"column":4}},"10":{"start":{"line":15,"column":6},"end":{"line":24,"column":7}},"11":{"start":{"line":16,"column":8},"end":{"line":21,"column":11}},"12":{"start":{"line":23,"column":8},"end":{"line":23,"column":20}},"13":{"start":{"line":29,"column":0},"end":{"line":29,"column":19}},"14":{"start":{"line":30,"column":0},"end":{"line":30,"column":29}},"15":{"start":{"line":31,"column":0},"end":{"line":31,"column":24}}},"fnMap":{"0":{"name":"(anonymous_0)","decl":{"start":{"line":4,"column":16},"end":{"line":4,"column":17}},"loc":{"start":{"line":4,"column":25},"end":{"line":4,"column":53}},"line":4},"1":{"name":"(anonymous_1)","decl":{"start":{"line":9,"column":15},"end":{"line":9,"column":16}},"loc":{"start":{"line":9,"column":25},"end":{"line":27,"column":1}},"line":9},"2":{"name":"(anonymous_2)","decl":{"start":{"line":14,"column":18},"end":{"line":14,"column":19}},"loc":{"start":{"line":14,"column":28},"end":{"line":25,"column":5}},"line":14}},"branchMap":{"0":{"loc":{"start":{"line":10,"column":2},"end":{"line":11,"column":41}},"type":"if","locations":[{"start":{"line":10,"column":2},"end":{"line":11,"column":41}},{"start":{"line":10,"column":2},"end":{"line":11,"column":41}}],"line":10},"1":{"loc":{"start":{"line":10,"column":6},"end":{"line":10,"column":41}},"type":"binary-expr","locations":[{"start":{"line":10,"column":6},"end":{"line":10,"column":11}},{"start":{"line":10,"column":15},"end":{"line":10,"column":41}}],"line":10}},"s":{"0":1,"1":1,"2":1,"3":8,"4":1,"5":1,"6":1,"7":2,"8":1,"9":1,"10":7,"11":7,"12":0,"13":1,"14":1,"15":1},"f":{"0":8,"1":2,"2":7},"b":{"0":[1,1],"1":[2,1]},"_coverageSchema":"43e27e138ebf9cfc5966b082cf9a028302ed4184","hash":"6ea0eb42e88a1c9d0110386b1e06a0932bbf24eb"},"C:\\Users\\ibber\\Documents\\Q3-Client\\packages\\q3-ui\\src\\addToCart\\index.jsx":{"path":"C:\\Users\\ibber\\Documents\\Q3-Client\\packages\\q3-ui\\src\\addToCart\\index.jsx","statementMap":{"0":{"start":{"line":18,"column":15},"end":{"line":18,"column":17}},"1":{"start":{"line":20,"column":24},"end":{"line":25,"column":1}},"2":{"start":{"line":27,"column":17},"end":{"line":52,"column":3}},"3":{"start":{"line":27,"column":35},"end":{"line":52,"column":1}},"4":{"start":{"line":54,"column":18},"end":{"line":157,"column":1}},"5":{"start":{"line":55,"column":16},"end":{"line":55,"column":32}},"6":{"start":{"line":56,"column":40},"end":{"line":56,"column":50}},"7":{"start":{"line":57,"column":32},"end":{"line":57,"column":53}},"8":{"start":{"line":58,"column":34},"end":{"line":58,"column":51}},"9":{"start":{"line":59,"column":32},"end":{"line":59,"column":50}},"10":{"start":{"line":60,"column":31},"end":{"line":60,"column":47}},"11":{"start":{"line":62,"column":26},"end":{"line":65,"column":3}},"12":{"start":{"line":63,"column":4},"end":{"line":63,"column":23}},"13":{"start":{"line":64,"column":4},"end":{"line":64,"column":24}},"14":{"start":{"line":67,"column":24},"end":{"line":69,"column":3}},"15":{"start":{"line":68,"column":4},"end":{"line":68,"column":31}},"16":{"start":{"line":68,"column":16},"end":{"line":68,"column":31}},"17":{"start":{"line":71,"column":19},"end":{"line":71,"column":50}},"18":{"start":{"line":71,"column":25},"end":{"line":71,"column":50}},"19":{"start":{"line":72,"column":19},"end":{"line":73,"column":48}},"20":{"start":{"line":73,"column":4},"end":{"line":73,"column":48}},"21":{"start":{"line":75,"column":24},"end":{"line":80,"column":3}},"22":{"start":{"line":76,"column":4},"end":{"line":76,"column":21}},"23":{"start":{"line":77,"column":4},"end":{"line":79,"column":7}},"24":{"start":{"line":78,"column":6},"end":{"line":78,"column":24}},"25":{"start":{"line":82,"column":2},"end":{"line":88,"column":17}},"26":{"start":{"line":83,"column":4},"end":{"line":87,"column":6}},"27":{"start":{"line":90,"column":2},"end":{"line":156,"column":4}},"28":{"start":{"line":159,"column":0},"end":{"line":162,"column":2}}},"fnMap":{"0":{"name":"(anonymous_0)","decl":{"start":{"line":27,"column":28},"end":{"line":27,"column":29}},"loc":{"start":{"line":27,"column":35},"end":{"line":52,"column":1}},"line":27},"1":{"name":"(anonymous_1)","decl":{"start":{"line":54,"column":18},"end":{"line":54,"column":19}},"loc":{"start":{"line":54,"column":44},"end":{"line":157,"column":1}},"line":54},"2":{"name":"(anonymous_2)","decl":{"start":{"line":62,"column":26},"end":{"line":62,"column":27}},"loc":{"start":{"line":62,"column":53},"end":{"line":65,"column":3}},"line":62},"3":{"name":"(anonymous_3)","decl":{"start":{"line":67,"column":24},"end":{"line":67,"column":25}},"loc":{"start":{"line":67,"column":51},"end":{"line":69,"column":3}},"line":67},"4":{"name":"(anonymous_4)","decl":{"start":{"line":71,"column":19},"end":{"line":71,"column":20}},"loc":{"start":{"line":71,"column":25},"end":{"line":71,"column":50}},"line":71},"5":{"name":"(anonymous_5)","decl":{"start":{"line":72,"column":19},"end":{"line":72,"column":20}},"loc":{"start":{"line":73,"column":4},"end":{"line":73,"column":48}},"line":73},"6":{"name":"(anonymous_6)","decl":{"start":{"line":75,"column":24},"end":{"line":75,"column":25}},"loc":{"start":{"line":75,"column":30},"end":{"line":80,"column":3}},"line":75},"7":{"name":"(anonymous_7)","decl":{"start":{"line":77,"column":40},"end":{"line":77,"column":41}},"loc":{"start":{"line":77,"column":46},"end":{"line":79,"column":5}},"line":77},"8":{"name":"(anonymous_8)","decl":{"start":{"line":82,"column":18},"end":{"line":82,"column":19}},"loc":{"start":{"line":82,"column":24},"end":{"line":88,"column":3}},"line":82}},"branchMap":{"0":{"loc":{"start":{"line":68,"column":4},"end":{"line":68,"column":31}},"type":"if","locations":[{"start":{"line":68,"column":4},"end":{"line":68,"column":31}},{"start":{"line":68,"column":4},"end":{"line":68,"column":31}}],"line":68},"1":{"loc":{"start":{"line":73,"column":16},"end":{"line":73,"column":47}},"type":"cond-expr","locations":[{"start":{"line":73,"column":31},"end":{"line":73,"column":43}},{"start":{"line":73,"column":46},"end":{"line":73,"column":47}}],"line":73},"2":{"loc":{"start":{"line":84,"column":6},"end":{"line":86,"column":31}},"type":"cond-expr","locations":[{"start":{"line":85,"column":10},"end":{"line":85,"column":32}},{"start":{"line":86,"column":10},"end":{"line":86,"column":31}}],"line":84},"3":{"loc":{"start":{"line":141,"column":11},"end":{"line":152,"column":11}},"type":"cond-expr","locations":[{"start":{"line":142,"column":12},"end":{"line":142,"column":45}},{"start":{"line":144,"column":12},"end":{"line":151,"column":19}}],"line":141}},"s":{"0":1,"1":1,"2":1,"3":0,"4":1,"5":0,"6":0,"7":0,"8":0,"9":0,"10":0,"11":0,"12":0,"13":0,"14":0,"15":0,"16":0,"17":0,"18":0,"19":0,"20":0,"21":0,"22":0,"23":0,"24":0,"25":0,"26":0,"27":0,"28":1},"f":{"0":0,"1":0,"2":0,"3":0,"4":0,"5":0,"6":0,"7":0,"8":0},"b":{"0":[0,0],"1":[0,0],"2":[0,0],"3":[0,0]},"_coverageSchema":"43e27e138ebf9cfc5966b082cf9a028302ed4184","hash":"f1a6201f06b73666e108bd3e37860bb1761c16b3"}}}